#
# A fatal error has been detected by the Java Runtime Environment:
#
#  SIGSEGV (0xb) at pc=0x00007ff89cf4c948, pid=8218, tid=140704164931328
#
# JRE version: Java(TM) SE Runtime Environment (8.0_91-b14) (build 1.8.0_91-b14)
# Java VM: Java HotSpot(TM) 64-Bit Server VM (25.91-b14 mixed mode linux-amd64 compressed oops)
# Problematic frame:
# V  [libjvm.so+0x6cf948]  jni_invoke_nonstatic(JNIEnv_*, JavaValue*, _jobject*, JNICallType, _jmethodID*, JNI_ArgumentPusher*, Thread*)+0x38
#
# Failed to write core dump. Core dumps have been disabled. To enable core dumping, try "ulimit -c unlimited" before starting Java again
#
# If you would like to submit a bug report, please visit:
#   http://bugreport.java.com/bugreport/crash.jsp
#

---------------  T H R E A D  ---------------

Current thread (0x00007ff89838b000):  JavaThread "JavaFX Application Thread" [_thread_in_vm, id=8238, stack(0x00007ff83db4e000,0x00007ff83dc4f000)]

siginfo: si_signo: 11 (SIGSEGV), si_code: 128 (SI_KERNEL), si_addr: 0x0000000000000000

Registers:
RAX=0x00007ff83dc4ad30, RBX=0x00007ff83dc4ac40, RCX=0x0000000000000001, RDX=0x2f65726a2f31395f
RSP=0x00007ff83dc4aa90, RBP=0x00007ff83dc4ac10, RSI=0x00007ff83dc4aca0, RDI=0x00007ff89838b1f8
R8 =0x00007ff8982d4438, R9 =0x00007ff83dc4ac40, R10=0x00007ff830002440, R11=0x0000000000000000
R12=0x00007ff89838b000, R13=0x00007ff8982d4438, R14=0x0000000000000001, R15=0x00007ff89838b1f8
RIP=0x00007ff89cf4c948, EFLAGS=0x0000000000010206, CSGSFS=0x0000000000000033, ERR=0x0000000000000000
  TRAPNO=0x000000000000000d

Top of Stack: (sp=0x00007ff83dc4aa90)
0x00007ff83dc4aa90:   00007ff83dc4b160 00007ff83dc4adb0
0x00007ff83dc4aaa0:   00007ff83dc4aaf0 00007ff83dc4ab70
0x00007ff83dc4aab0:   00007ff83dc4ac40 00007ff83dc4aca0
0x00007ff83dc4aac0:   00007ff89838b1f8 00007ff89cf6c450
0x00007ff83dc4aad0:   00007ff86004d780 00007ff86004d800
0x00007ff83dc4aae0:   00007ff86004db68 00000000000003d8
0x00007ff83dc4aaf0:   00007ff89838a9b8 00000000da638488
0x00007ff83dc4ab00:   00007ff80000006f 00007ff80000000a
0x00007ff83dc4ab10:   00000000d82fee68 00007ff800000000
0x00007ff83dc4ab20:   00007ff83dc4abb4 00007ff84a607310
0x00007ff83dc4ab30:   00007ff886fa5830 0000000100000100
0x00007ff83dc4ab40:   00007ff88702d348 00007ff83dc4aaf8
0x00007ff83dc4ab50:   00007ff83dc4ab39 0000000800000005
0x00007ff83dc4ab60:   00007ff88704d700 00007ff89838a9c0
0x00007ff83dc4ab70:   00007ff89d7cf490 00007ff89e2b6470
0x00007ff83dc4ab80:   000000009838a850 00007ff89838b000
0x00007ff83dc4ab90:   0000000000000000 00007ff89cf4cd1b
0x00007ff83dc4aba0:   00007ff886faf8e0 00007ff89838b000
0x00007ff83dc4abb0:   00007ff886faf8e0 00007ff89838b000
0x00007ff83dc4abc0:   00007ff83dc4ad50 00007ff886faf8e0
0x00007ff83dc4abd0:   00007ff886faf8e0 00007ff886faf8e0
0x00007ff83dc4abe0:   00007ff86004d780 00007ff83dc4ac40
0x00007ff83dc4abf0:   00007ff89838b000 00007ff83dc4ac80
0x00007ff83dc4ac00:   00007ff8982d4438 00007ff89838b1f8
0x00007ff83dc4ac10:   00007ff83dc4ad00 00007ff89cf510ef
0x00007ff83dc4ac20:   00007ff89838b000 00007ff8842f5094
0x00007ff83dc4ac30:   00007ff83dc4ad18 2f65726a2f31395f
0x00007ff83dc4ac40:   00007ff89d7d00f0 00007ff89e2b6470
0x00007ff83dc4ac50:   000000003dc4acc0 00007ff800000063
0x00007ff83dc4ac60:   0000000000000000 0000003000000018
0x00007ff83dc4ac70:   00007ff83dc4adf0 00007ff83dc4ad30
0x00007ff83dc4ac80:   00007ff89838b000 0000000000000000 

Instructions: (pc=0x00007ff89cf4c948)
0x00007ff89cf4c928:   00 00 48 85 d2 48 89 bd b0 fe ff ff 48 89 b5 a8
0x00007ff89cf4c938:   fe ff ff 4c 89 8d a0 fe ff ff 0f 84 78 09 00 00
0x00007ff89cf4c948:   4c 8b 22 4d 85 e4 0f 84 6c 09 00 00 48 8b 45 10
0x00007ff89cf4c958:   48 8b 98 38 01 00 00 48 83 7b 18 f7 0f 87 16 07 

Register to memory mapping:

RAX=0x00007ff83dc4ad30 is pointing into the stack for thread: 0x00007ff89838b000
RBX=0x00007ff83dc4ac40 is pointing into the stack for thread: 0x00007ff89838b000
RCX=0x0000000000000001 is an unknown value
RDX=0x2f65726a2f31395f is an unknown value
RSP=0x00007ff83dc4aa90 is pointing into the stack for thread: 0x00007ff89838b000
RBP=0x00007ff83dc4ac10 is pointing into the stack for thread: 0x00007ff89838b000
RSI=0x00007ff83dc4aca0 is pointing into the stack for thread: 0x00007ff89838b000
RDI=0x00007ff89838b1f8 is an unknown value
R8 =0x00007ff8982d4438 is an unknown value
R9 =0x00007ff83dc4ac40 is pointing into the stack for thread: 0x00007ff89838b000
R10=0x00007ff830002440 is an unknown value
R11=0x0000000000000000 is an unknown value
R12=0x00007ff89838b000 is a thread
R13=0x00007ff8982d4438 is an unknown value
R14=0x0000000000000001 is an unknown value
R15=0x00007ff89838b1f8 is an unknown value


Stack: [0x00007ff83db4e000,0x00007ff83dc4f000],  sp=0x00007ff83dc4aa90,  free space=1010k
Native frames: (J=compiled Java code, j=interpreted, Vv=VM code, C=native code)
V  [libjvm.so+0x6cf948]  jni_invoke_nonstatic(JNIEnv_*, JavaValue*, _jobject*, JNICallType, _jmethodID*, JNI_ArgumentPusher*, Thread*)+0x38
V  [libjvm.so+0x6d40ef]  jni_CallVoidMethodV+0x10f
C  [libglass.so+0x13e51]  JNIEnv_::CallVoidMethod(_jobject*, _jmethodID*, ...)+0x81
C  [libglass.so+0x1545f]  WindowContextBase::process_key(_GdkEventKey*)+0x20f
C  [libglass.so+0x19540]  WindowContextBase::im_filter_keypress(_GdkEventKey*)+0x1c0
C  [libglass.so+0x1c7cc]  process_events(_GdkEvent*, void*)+0x22c
C  [libgdk-x11-2.0.so.0+0x5ac9c]

Java frames: (J=compiled Java code, j=interpreted, Vv=VM code)
j  com.sun.glass.ui.gtk.GtkApplication.enterNestedEventLoopImpl()V+0
j  com.sun.glass.ui.gtk.GtkApplication._enterNestedEventLoop()Ljava/lang/Object;+15
j  com.sun.glass.ui.Application.enterNestedEventLoop()Ljava/lang/Object;+14
j  com.sun.glass.ui.EventLoop.enter()Ljava/lang/Object;+42
j  com.sun.javafx.tk.quantum.QuantumToolkit.enterNestedEventLoop(Ljava/lang/Object;)Ljava/lang/Object;+107
j  javafx.stage.Stage.showAndWait()V+93
j  javafx.scene.control.HeavyweightDialog.showAndWait()V+22
j  javafx.scene.control.Dialog.showAndWait()Ljava/util/Optional;+88
j  minesweeper.MainWindowController.getPlayerName()Ljava/lang/String;+79
j  minesweeper.MainWindowController.gewinnSpeichern()V+16
j  minesweeper.MainWindowController.CheckIfWon()V+85
j  minesweeper.MainWindowController.Click(Ljavafx/scene/input/MouseEvent;Ljavafx/scene/control/Button;IIZ)V+36
j  minesweeper.MainWindowController.lambda$NewButton$3(Ljavafx/scene/control/Button;IILjavafx/scene/input/MouseEvent;)V+7
j  minesweeper.MainWindowController$$Lambda$79.handle(Ljavafx/event/Event;)V+20
j  com.sun.javafx.event.CompositeEventHandler.dispatchBubblingEvent(Ljavafx/event/Event;)V+51
J 1917 C1 com.sun.javafx.event.EventHandlerManager.dispatchBubblingEvent(Ljavafx/event/Event;)Ljavafx/event/Event; (23 bytes) @ 0x00007ff888935d54 [0x00007ff8889356e0+0x674]
j  com.sun.javafx.event.CompositeEventDispatcher.dispatchBubblingEvent(Ljavafx/event/Event;)Ljavafx/event/Event;+11
J 1914 C1 com.sun.javafx.event.BasicEventDispatcher.dispatchEvent(Ljavafx/event/Event;Ljavafx/event/EventDispatchChain;)Ljavafx/event/Event; (44 bytes) @ 0x00007ff88893493c [0x00007ff888934600+0x33c]
J 1640 C1 com.sun.javafx.event.EventDispatchChainImpl.dispatchEvent(Ljavafx/event/Event;)Ljavafx/event/Event; (101 bytes) @ 0x00007ff88887a784 [0x00007ff88887a5e0+0x1a4]
J 1914 C1 com.sun.javafx.event.BasicEventDispatcher.dispatchEvent(Ljavafx/event/Event;Ljavafx/event/EventDispatchChain;)Ljavafx/event/Event; (44 bytes) @ 0x00007ff888934854 [0x00007ff888934600+0x254]
J 1640 C1 com.sun.javafx.event.EventDispatchChainImpl.dispatchEvent(Ljavafx/event/Event;)Ljavafx/event/Event; (101 bytes) @ 0x00007ff88887a784 [0x00007ff88887a5e0+0x1a4]
J 1914 C1 com.sun.javafx.event.BasicEventDispatcher.dispatchEvent(Ljavafx/event/Event;Ljavafx/event/EventDispatchChain;)Ljavafx/event/Event; (44 bytes) @ 0x00007ff888934854 [0x00007ff888934600+0x254]
J 1640 C1 com.sun.javafx.event.EventDispatchChainImpl.dispatchEvent(Ljavafx/event/Event;)Ljavafx/event/Event; (101 bytes) @ 0x00007ff88887a784 [0x00007ff88887a5e0+0x1a4]
j  com.sun.javafx.event.EventUtil.fireEventImpl(Ljavafx/event/EventDispatchChain;Ljavafx/event/EventTarget;Ljavafx/event/Event;)Ljavafx/event/Event;+10
j  com.sun.javafx.event.EventUtil.fireEvent(Ljavafx/event/EventTarget;Ljavafx/event/Event;)Ljavafx/event/Event;+46
j  javafx.event.Event.fireEvent(Ljavafx/event/EventTarget;Ljavafx/event/Event;)V+30
j  javafx.scene.Scene$ClickGenerator.postProcess(Ljavafx/scene/input/MouseEvent;Ljavafx/scene/Scene$TargetWrapper;Ljavafx/scene/Scene$TargetWrapper;)V+254
j  javafx.scene.Scene$ClickGenerator.access$8100(Ljavafx/scene/Scene$ClickGenerator;Ljavafx/scene/input/MouseEvent;Ljavafx/scene/Scene$TargetWrapper;Ljavafx/scene/Scene$TargetWrapper;)V+4
j  javafx.scene.Scene$MouseHandler.process(Ljavafx/scene/input/MouseEvent;Z)V+538
j  javafx.scene.Scene$MouseHandler.access$1500(Ljavafx/scene/Scene$MouseHandler;Ljavafx/scene/input/MouseEvent;Z)V+3
j  javafx.scene.Scene.impl_processMouseEvent(Ljavafx/scene/input/MouseEvent;)V+6
j  javafx.scene.Scene$ScenePeerListener.mouseEvent(Ljavafx/event/EventType;DDDDLjavafx/scene/input/MouseButton;ZZZZZZZZZ)V+46
j  com.sun.javafx.tk.quantum.GlassViewEventHandler$MouseEventNotification.run()Ljava/lang/Void;+514
j  com.sun.javafx.tk.quantum.GlassViewEventHandler$MouseEventNotification.run()Ljava/lang/Object;+1
v  ~StubRoutines::call_stub
J 1956  java.security.AccessController.doPrivileged(Ljava/security/PrivilegedAction;Ljava/security/AccessControlContext;)Ljava/lang/Object; (0 bytes) @ 0x00007ff88894b2e3 [0x00007ff88894b280+0x63]
j  com.sun.javafx.tk.quantum.GlassViewEventHandler.lambda$handleMouseEvent$354()Ljava/lang/Void;+11
j  com.sun.javafx.tk.quantum.GlassViewEventHandler$$Lambda$205.get()Ljava/lang/Object;+4
j  com.sun.javafx.tk.quantum.QuantumToolkit.runWithoutRenderLock(Ljava/util/function/Supplier;)Ljava/lang/Object;+18
j  com.sun.javafx.tk.quantum.GlassViewEventHandler.handleMouseEvent(Lcom/sun/glass/ui/View;JIIIIIIIZZ)V+103
j  com.sun.glass.ui.View.handleMouseEvent(JIIIIIIIZZ)V+30
j  com.sun.glass.ui.View.notifyMouse(IIIIIIIZZ)V+181
v  ~StubRoutines::call_stub
j  com.sun.glass.ui.gtk.GtkApplication._runLoop(Ljava/lang/Runnable;Z)V+0
j  com.sun.glass.ui.gtk.GtkApplication.lambda$null$49(Ljava/lang/Runnable;Z)V+7
j  com.sun.glass.ui.gtk.GtkApplication$$Lambda$41.run()V+12
j  java.lang.Thread.run()V+11
v  ~StubRoutines::call_stub

---------------  P R O C E S S  ---------------

Java Threads: ( => current thread )
  0x00007ff8302d8000 JavaThread "Prism Font Disposer" daemon [_thread_blocked, id=8241, stack(0x00007ff83c917000,0x00007ff83ca18000)]
  0x00007ff830117000 JavaThread "Timer-0" [_thread_blocked, id=8240, stack(0x00007ff83d74c000,0x00007ff83d84d000)]
  0x00007ff89838e800 JavaThread "JavaFX-Launcher" [_thread_blocked, id=8239, stack(0x00007ff83da4d000,0x00007ff83db4e000)]
=>0x00007ff89838b000 JavaThread "JavaFX Application Thread" [_thread_in_vm, id=8238, stack(0x00007ff83db4e000,0x00007ff83dc4f000)]
  0x00007ff898387000 JavaThread "Thread-1" daemon [_thread_blocked, id=8237, stack(0x00007ff83dc4f000,0x00007ff83dd50000)]
  0x00007ff8982c5000 JavaThread "QuantumRenderer-0" daemon [_thread_blocked, id=8236, stack(0x00007ff884d92000,0x00007ff884e93000)]
  0x00007ff89818b000 JavaThread "Service Thread" daemon [_thread_blocked, id=8234, stack(0x00007ff885029000,0x00007ff88512a000)]
  0x00007ff898188800 JavaThread "C1 CompilerThread2" daemon [_thread_blocked, id=8233, stack(0x00007ff88512a000,0x00007ff88522b000)]
  0x00007ff898186800 JavaThread "C2 CompilerThread1" daemon [_thread_blocked, id=8232, stack(0x00007ff88522b000,0x00007ff88532c000)]
  0x00007ff898183800 JavaThread "C2 CompilerThread0" daemon [_thread_blocked, id=8231, stack(0x00007ff88532c000,0x00007ff88542d000)]
  0x00007ff898182000 JavaThread "Signal Dispatcher" daemon [_thread_blocked, id=8230, stack(0x00007ff88542d000,0x00007ff88552e000)]
  0x00007ff89814b000 JavaThread "Finalizer" daemon [_thread_blocked, id=8229, stack(0x00007ff88565e000,0x00007ff88575f000)]
  0x00007ff898146800 JavaThread "Reference Handler" daemon [_thread_blocked, id=8228, stack(0x00007ff88575f000,0x00007ff885860000)]
  0x00007ff898009800 JavaThread "main" [_thread_blocked, id=8222, stack(0x00007ff89e331000,0x00007ff89e432000)]

Other Threads:
  0x00007ff89813e800 VMThread [stack: 0x00007ff885860000,0x00007ff885961000] [id=8227]
  0x00007ff89818e000 WatcherThread [stack: 0x00007ff884f28000,0x00007ff885029000] [id=8235]

VM state:not at safepoint (normal execution)

VM Mutex/Monitor currently owned by a thread: None

Heap:
 PSYoungGen      total 35840K, used 6948K [0x00000000d8200000, 0x00000000daa00000, 0x0000000100000000)
  eden space 30720K, 5% used [0x00000000d8200000,0x00000000d83c93c8,0x00000000da000000)
  from space 5120K, 100% used [0x00000000da500000,0x00000000daa00000,0x00000000daa00000)
  to   space 5120K, 0% used [0x00000000da000000,0x00000000da000000,0x00000000da500000)
 ParOldGen       total 81920K, used 12410K [0x0000000088600000, 0x000000008d600000, 0x00000000d8200000)
  object space 81920K, 15% used [0x0000000088600000,0x000000008921e858,0x000000008d600000)
 Metaspace       used 19028K, capacity 19990K, committed 20096K, reserved 1067008K
  class space    used 2710K, capacity 2930K, committed 2944K, reserved 1048576K

Card table byte_map: [0x00007ff887bfd000,0x00007ff887fbb000] byte_map_base: 0x00007ff8877ba000

Marking Bits: (ParMarkBitMap*) 0x00007ff89d833d60
 Begin Bits: [0x00007ff874430000, 0x00007ff876218000)
 End Bits:   [0x00007ff876218000, 0x00007ff878000000)

Polling page: 0x00007ff89e459000

CodeCache: size=245760Kb used=9756Kb max_used=9756Kb free=236003Kb
 bounds [0x00007ff88837b000, 0x00007ff888d0b000, 0x00007ff89737b000]
 total_blobs=3560 nmethods=2910 adapters=563
 compilation: enabled

Compilation events (10 events):
Event: 5,710 Thread 0x00007ff898188800 nmethod 2913 0x00007ff888cfbb90 code [0x00007ff888cfbd40, 0x00007ff888cfc458]
Event: 5,710 Thread 0x00007ff898188800 2914       3       javafx.scene.Scene::doLayoutPass (14 bytes)
Event: 5,711 Thread 0x00007ff898188800 nmethod 2914 0x00007ff888ce7490 code [0x00007ff888ce7620, 0x00007ff888ce7b38]
Event: 5,742 Thread 0x00007ff898188800 2915       3       java.util.concurrent.locks.ReentrantLock$NonfairSync::tryAcquire (6 bytes)
Event: 5,743 Thread 0x00007ff898188800 nmethod 2915 0x00007ff888cfc690 code [0x00007ff888cfc800, 0x00007ff888cfca08]
Event: 5,759 Thread 0x00007ff898188800 2916       3       javafx.stage.Window$TKBoundsConfigurator::pulse (5 bytes)
Event: 5,760 Thread 0x00007ff898188800 nmethod 2916 0x00007ff888cfca90 code [0x00007ff888cfcc00, 0x00007ff888cfce08]
Event: 5,760 Thread 0x00007ff898188800 2917   !   3       javafx.scene.Scene$ScenePulseListener::pulse (397 bytes)
Event: 5,769 Thread 0x00007ff898188800 nmethod 2917 0x00007ff888cfce90 code [0x00007ff888cfd4e0, 0x00007ff888d01788]
Event: 5,823 Thread 0x00007ff898188800 2918       3       javafx.scene.Scene::initializeInternalEventDispatcher (35 bytes)

GC Heap History (4 events):
Event: 0,845 GC heap before
{Heap before GC invocations=1 (full 0):
 PSYoungGen      total 35840K, used 30720K [0x00000000d8200000, 0x00000000daa00000, 0x0000000100000000)
  eden space 30720K, 100% used [0x00000000d8200000,0x00000000da000000,0x00000000da000000)
  from space 5120K, 0% used [0x00000000da500000,0x00000000da500000,0x00000000daa00000)
  to   space 5120K, 0% used [0x00000000da000000,0x00000000da000000,0x00000000da500000)
 ParOldGen       total 81920K, used 0K [0x0000000088600000, 0x000000008d600000, 0x00000000d8200000)
  object space 81920K, 0% used [0x0000000088600000,0x0000000088600000,0x000000008d600000)
 Metaspace       used 13815K, capacity 14432K, committed 14464K, reserved 1060864K
  class space    used 1998K, capacity 2170K, committed 2176K, reserved 1048576K
Event: 0,852 GC heap after
Heap after GC invocations=1 (full 0):
 PSYoungGen      total 35840K, used 4080K [0x00000000d8200000, 0x00000000daa00000, 0x0000000100000000)
  eden space 30720K, 0% used [0x00000000d8200000,0x00000000d8200000,0x00000000da000000)
  from space 5120K, 79% used [0x00000000da000000,0x00000000da3fc2d8,0x00000000da500000)
  to   space 5120K, 0% used [0x00000000da500000,0x00000000da500000,0x00000000daa00000)
 ParOldGen       total 81920K, used 4168K [0x0000000088600000, 0x000000008d600000, 0x00000000d8200000)
  object space 81920K, 5% used [0x0000000088600000,0x0000000088a12020,0x000000008d600000)
 Metaspace       used 13815K, capacity 14432K, committed 14464K, reserved 1060864K
  class space    used 1998K, capacity 2170K, committed 2176K, reserved 1048576K
}
Event: 4,203 GC heap before
{Heap before GC invocations=2 (full 0):
 PSYoungGen      total 35840K, used 34800K [0x00000000d8200000, 0x00000000daa00000, 0x0000000100000000)
  eden space 30720K, 100% used [0x00000000d8200000,0x00000000da000000,0x00000000da000000)
  from space 5120K, 79% used [0x00000000da000000,0x00000000da3fc2d8,0x00000000da500000)
  to   space 5120K, 0% used [0x00000000da500000,0x00000000da500000,0x00000000daa00000)
 ParOldGen       total 81920K, used 4168K [0x0000000088600000, 0x000000008d600000, 0x00000000d8200000)
  object space 81920K, 5% used [0x0000000088600000,0x0000000088a12020,0x000000008d600000)
 Metaspace       used 18564K, capacity 19456K, committed 19584K, reserved 1067008K
  class space    used 2640K, capacity 2851K, committed 2944K, reserved 1048576K
Event: 4,233 GC heap after
Heap after GC invocations=2 (full 0):
 PSYoungGen      total 35840K, used 5120K [0x00000000d8200000, 0x00000000daa00000, 0x0000000100000000)
  eden space 30720K, 0% used [0x00000000d8200000,0x00000000d8200000,0x00000000da000000)
  from space 5120K, 100% used [0x00000000da500000,0x00000000daa00000,0x00000000daa00000)
  to   space 5120K, 0% used [0x00000000da000000,0x00000000da000000,0x00000000da500000)
 ParOldGen       total 81920K, used 12410K [0x0000000088600000, 0x000000008d600000, 0x00000000d8200000)
  object space 81920K, 15% used [0x0000000088600000,0x000000008921e858,0x000000008d600000)
 Metaspace       used 18564K, capacity 19456K, committed 19584K, reserved 1067008K
  class space    used 2640K, capacity 2851K, committed 2944K, reserved 1048576K
}

Deoptimization events (10 events):
Event: 4,242 Thread 0x00007ff89838b000 Uncommon trap: reason=bimorphic action=maybe_recompile pc=0x00007ff888981510 method=javafx.beans.property.BooleanPropertyBase.get()Z @ 23
Event: 4,242 Thread 0x00007ff89838b000 Uncommon trap: reason=bimorphic action=maybe_recompile pc=0x00007ff888a70ad0 method=javafx.beans.property.BooleanPropertyBase.get()Z @ 23
Event: 4,315 Thread 0x00007ff89838b000 Uncommon trap: reason=bimorphic action=maybe_recompile pc=0x00007ff88896a5d0 method=javafx.beans.property.BooleanPropertyBase.get()Z @ 23
Event: 4,316 Thread 0x00007ff89838b000 Uncommon trap: reason=class_check action=maybe_recompile pc=0x00007ff888a7b6f4 method=javafx.beans.property.DoublePropertyBase.get()D @ 23
Event: 4,316 Thread 0x00007ff89838b000 Uncommon trap: reason=class_check action=maybe_recompile pc=0x00007ff888a7b6f4 method=javafx.beans.property.DoublePropertyBase.get()D @ 23
Event: 4,316 Thread 0x00007ff89838b000 Uncommon trap: reason=class_check action=maybe_recompile pc=0x00007ff888a7b6f4 method=javafx.beans.property.DoublePropertyBase.get()D @ 23
Event: 4,358 Thread 0x00007ff89838b000 Uncommon trap: reason=null_check action=make_not_entrant pc=0x00007ff888b69148 method=javafx.scene.Node$MiscProperties.getClip()Ljavafx/scene/Node; @ 20
Event: 4,358 Thread 0x00007ff89838b000 Uncommon trap: reason=null_check action=make_not_entrant pc=0x00007ff888b27064 method=javafx.scene.Node$MiscProperties.getClip()Ljavafx/scene/Node; @ 20
Event: 4,366 Thread 0x00007ff89838b000 Uncommon trap: reason=class_check action=maybe_recompile pc=0x00007ff888a7b6f4 method=javafx.beans.property.DoublePropertyBase.get()D @ 23
Event: 5,361 Thread 0x00007ff89838b000 Uncommon trap: reason=unstable_if action=reinterpret pc=0x00007ff888b480b4 method=com.sun.javafx.geom.RectBounds.deriveWithNewBounds(FFFFFF)Lcom/sun/javafx/geom/BaseBounds; @ 4

Internal exceptions (10 events):
Event: 0,483 Thread 0x00007ff89838b000 Exception <a 'java/lang/ArrayIndexOutOfBoundsException'> (0x00000000d9210a50) thrown at [/HUDSON/workspace/8-2-build-linux-amd64/jdk8u91/6644/hotspot/src/share/vm/runtime/sharedRuntime.cpp, line 605]
Event: 0,484 Thread 0x00007ff89838b000 Exception <a 'java/lang/ArrayIndexOutOfBoundsException'> (0x00000000d9211598) thrown at [/HUDSON/workspace/8-2-build-linux-amd64/jdk8u91/6644/hotspot/src/share/vm/runtime/sharedRuntime.cpp, line 605]
Event: 0,484 Thread 0x00007ff89838b000 Exception <a 'java/lang/ArrayIndexOutOfBoundsException'> (0x00000000d9212940) thrown at [/HUDSON/workspace/8-2-build-linux-amd64/jdk8u91/6644/hotspot/src/share/vm/runtime/sharedRuntime.cpp, line 605]
Event: 0,487 Thread 0x00007ff89838b000 Exception <a 'java/lang/ArrayIndexOutOfBoundsException'> (0x00000000d921e650) thrown at [/HUDSON/workspace/8-2-build-linux-amd64/jdk8u91/6644/hotspot/src/share/vm/runtime/sharedRuntime.cpp, line 605]
Event: 0,488 Thread 0x00007ff89838b000 Exception <a 'java/lang/ArrayIndexOutOfBoundsException'> (0x00000000d9229048) thrown at [/HUDSON/workspace/8-2-build-linux-amd64/jdk8u91/6644/hotspot/src/share/vm/runtime/sharedRuntime.cpp, line 605]
Event: 0,582 Thread 0x00007ff89838b000 Implicit null exception at 0x00007ff8885fff75 to 0x00007ff888600191
Event: 4,077 Thread 0x00007ff89838b000 Exception <a 'java/lang/NoSuchMethodError': <clinit>> (0x00000000d9d91980) thrown at [/HUDSON/workspace/8-2-build-linux-amd64/jdk8u91/6644/hotspot/src/share/vm/prims/jni.cpp, line 1613]
Event: 4,239 Thread 0x00007ff89838b000 Implicit null exception at 0x00007ff888743f0f to 0x00007ff88874441d
Event: 4,358 Thread 0x00007ff89838b000 Implicit null exception at 0x00007ff888b66af7 to 0x00007ff888b69139
Event: 4,358 Thread 0x00007ff89838b000 Implicit null exception at 0x00007ff888b27007 to 0x00007ff888b27059

Events (10 events):
Event: 5,361 Thread 0x00007ff89838b000 DEOPT PACKING pc=0x00007ff888b480b4 sp=0x00007ff83dc49630
Event: 5,361 Thread 0x00007ff89838b000 DEOPT UNPACKING pc=0x00007ff888380229 sp=0x00007ff83dc49538 mode 2
Event: 5,362 loading class com/sun/prism/shape/ShapeRep$InvalidationType
Event: 5,362 loading class com/sun/prism/shape/ShapeRep$InvalidationType done
Event: 5,820 loading class javafx/scene/input/KeyCombination$2
Event: 5,820 loading class javafx/scene/input/KeyCombination$2 done
Event: 5,821 loading class com/sun/prism/GraphicsResource
Event: 5,821 loading class com/sun/prism/GraphicsResource done
Event: 5,821 loading class com/sun/prism/GraphicsResource
Event: 5,821 loading class com/sun/prism/GraphicsResource done


Dynamic libraries:
00400000-00401000 r-xp 00000000 08:01 6305474                            /home/thais/jdk1.8.0_91/bin/java
00600000-00601000 rw-p 00000000 08:01 6305474                            /home/thais/jdk1.8.0_91/bin/java
024a3000-024c4000 rw-p 00000000 00:00 0                                  [heap]
88600000-8d600000 rw-p 00000000 00:00 0 
8d600000-d8200000 ---p 00000000 00:00 0 
d8200000-daa00000 rw-p 00000000 00:00 0 
daa00000-100000000 ---p 00000000 00:00 0 
100000000-1002e0000 rw-p 00000000 00:00 0 
1002e0000-140000000 ---p 00000000 00:00 0 
7ff827e00000-7ff827ec0000 rw-p 00000000 00:00 0 
7ff827ec0000-7ff828000000 ---p 00000000 00:00 0 
7ff828000000-7ff828021000 rw-p 00000000 00:00 0 
7ff828021000-7ff82c000000 ---p 00000000 00:00 0 
7ff82c000000-7ff82c021000 rw-p 00000000 00:00 0 
7ff82c021000-7ff830000000 ---p 00000000 00:00 0 
7ff830000000-7ff8306f6000 rw-p 00000000 00:00 0 
7ff8306f6000-7ff834000000 ---p 00000000 00:00 0 
7ff834000000-7ff834021000 rw-p 00000000 00:00 0 
7ff834021000-7ff838000000 ---p 00000000 00:00 0 
7ff838000000-7ff838021000 rw-p 00000000 00:00 0 
7ff838021000-7ff83c000000 ---p 00000000 00:00 0 
7ff83c164000-7ff83c165000 rw-s 00000000 00:05 125644                     /drm mm object (deleted)
7ff83c165000-7ff83c16b000 rw-s 00000000 00:05 126176                     /drm mm object (deleted)
7ff83c16b000-7ff83c16f000 r--s 00097000 08:01 7344401                    /home/thais/jdk1.8.0_91/jre/lib/jsse.jar
7ff83c16f000-7ff83c170000 rw-s 00000000 00:05 126143                     /drm mm object (deleted)
7ff83c182000-7ff83c184000 rw-p 00000000 00:00 0 
7ff83c184000-7ff83c185000 rw-s 00000000 00:05 126146                     /drm mm object (deleted)
7ff83c185000-7ff83c1ad000 rw-s 00000000 00:05 126159                     /drm mm object (deleted)
7ff83c1ad000-7ff83c1b1000 rw-s 1050ec000 00:06 14645                     /dev/dri/card0
7ff83c1b1000-7ff83c1c1000 rw-s 00000000 00:05 126141                     /drm mm object (deleted)
7ff83c1c1000-7ff83c3c1000 rw-p 00000000 00:00 0 
7ff83c3c1000-7ff83c3c9000 rw-s 00000000 00:05 123007                     /drm mm object (deleted)
7ff83c3c9000-7ff83c3d3000 r--s 00116000 08:01 7473198                    /home/thais/jdk1.8.0_91/jre/lib/ext/localedata.jar
7ff83c3d3000-7ff83c593000 rw-s 10598c000 00:06 14645                     /dev/dri/card0
7ff83c593000-7ff83c594000 rw-s 00000000 00:05 126144                     /drm mm object (deleted)
7ff83c594000-7ff83c754000 rw-s 00000000 00:05 126153                     /drm mm object (deleted)
7ff83c754000-7ff83c755000 rw-p 00000000 00:00 0 
7ff83c755000-7ff83c756000 rw-s 00000000 00:05 125646                     /drm mm object (deleted)
7ff83c756000-7ff83c766000 rw-s 00000000 00:05 126151                     /drm mm object (deleted)
7ff83c766000-7ff83c76e000 rw-s 00000000 00:05 126150                     /drm mm object (deleted)
7ff83c76e000-7ff83c7ce000 rw-s 00000000 00:05 126149                     /drm mm object (deleted)
7ff83c7ce000-7ff83c7dc000 rw-s 00000000 00:05 126148                     /drm mm object (deleted)
7ff83c7dc000-7ff83c7ec000 rw-s 00000000 00:05 126147                     /drm mm object (deleted)
7ff83c7ec000-7ff83c7f8000 rw-s 00000000 00:05 126134                     /drm mm object (deleted)
7ff83c7f8000-7ff83c858000 rw-s 00000000 00:05 756285443                  /SYSV00000000 (deleted)
7ff83c858000-7ff83c86b000 r--s 00344000 08:01 7344400                    /home/thais/jdk1.8.0_91/jre/lib/resources.jar
7ff83c86b000-7ff83c917000 r--p 00000000 08:01 12584041                   /usr/share/fonts/truetype/dejavu/DejaVuSans-Bold.ttf
7ff83c917000-7ff83c91a000 ---p 00000000 00:00 0 
7ff83c91a000-7ff83ca18000 rw-p 00000000 00:00 0 
7ff83ca18000-7ff83cad1000 r--p 00000000 08:01 12584045                   /usr/share/fonts/truetype/dejavu/DejaVuSans.ttf
7ff83cad1000-7ff83cb26000 r--p 00000000 08:01 7344347                    /home/thais/jdk1.8.0_91/jre/lib/fonts/LucidaBrightRegular.ttf
7ff83cb26000-7ff83cbd1000 r--p 00000000 08:01 7344346                    /home/thais/jdk1.8.0_91/jre/lib/fonts/LucidaSansRegular.ttf
7ff83cbd1000-7ff83cbe4000 r--p 00000000 08:01 7344353                    /home/thais/jdk1.8.0_91/jre/lib/fonts/LucidaBrightDemiBold.ttf
7ff83cbe4000-7ff83cbf7000 r--p 00000000 08:01 7344350                    /home/thais/jdk1.8.0_91/jre/lib/fonts/LucidaBrightDemiItalic.ttf
7ff83cbf7000-7ff83cc31000 r--p 00000000 08:01 7344352                    /home/thais/jdk1.8.0_91/jre/lib/fonts/LucidaTypewriterBold.ttf
7ff83cc31000-7ff83cc7f000 r--p 00000000 08:01 7344348                    /home/thais/jdk1.8.0_91/jre/lib/fonts/LucidaSansDemiBold.ttf
7ff83cc7f000-7ff83cc93000 r--p 00000000 08:01 7344345                    /home/thais/jdk1.8.0_91/jre/lib/fonts/LucidaBrightItalic.ttf
7ff83cc93000-7ff83cccf000 r--p 00000000 08:01 7344351                    /home/thais/jdk1.8.0_91/jre/lib/fonts/LucidaTypewriterRegular.ttf
7ff83cccf000-7ff83ccd3000 r-xp 00000000 08:01 7473293                    /home/thais/jdk1.8.0_91/jre/lib/amd64/libjavafx_font_pango.so
7ff83ccd3000-7ff83ced2000 ---p 00004000 08:01 7473293                    /home/thais/jdk1.8.0_91/jre/lib/amd64/libjavafx_font_pango.so
7ff83ced2000-7ff83ced3000 rw-p 00003000 08:01 7473293                    /home/thais/jdk1.8.0_91/jre/lib/amd64/libjavafx_font_pango.so
7ff83ced3000-7ff83d0d3000 rw-p 00000000 00:00 0 
7ff83d0d3000-7ff83d0d8000 r--s 00084000 08:01 7344333                    /home/thais/jdk1.8.0_91/jre/lib/jfr.jar
7ff83d0d8000-7ff83d2d8000 rw-p 00000000 00:00 0 
7ff83d2d8000-7ff83d2df000 r--s 00000000 08:01 4080704                    /var/cache/fontconfig/4be9850f182b35c1350b6bbf2e42601c-le64.cache-4
7ff83d2df000-7ff83d2e1000 r--s 00000000 08:01 4080703                    /var/cache/fontconfig/30a99c4256905863f7aa12b5e873c27c-le64.cache-4
7ff83d2e1000-7ff83d2e2000 r--s 00000000 08:01 4071941                    /var/cache/fontconfig/087e1975ba9a574b140bb1df193bf770-le64.cache-4
7ff83d2e2000-7ff83d2e6000 r--s 00000000 08:01 4080094                    /var/cache/fontconfig/6aa41aa22e18b8fa06a12da28ea9c28b-le64.cache-4
7ff83d2e6000-7ff83d2f1000 r--s 00000000 08:01 4063277                    /var/cache/fontconfig/945677eb7aeaf62f1d50efc3fb3ec7d8-le64.cache-4
7ff83d2f1000-7ff83d2f5000 r--s 00000000 08:01 4071158                    /var/cache/fontconfig/6d41288fd70b0be22e8c3a91e032eec0-le64.cache-4
7ff83d2f5000-7ff83d2f9000 r--s 00000000 08:01 4067999                    /var/cache/fontconfig/de156ccd2eddbdc19d37a45b8b2aac9c-le64.cache-4
7ff83d2f9000-7ff83d2fa000 r--s 00000000 08:01 4080701                    /var/cache/fontconfig/b95bc8ffbebda2bbdae4265e45b8178d-le64.cache-4
7ff83d2fa000-7ff83d2fb000 r--s 00000000 08:01 4080700                    /var/cache/fontconfig/9c956a7723ca69a44b382d9179c9802f-le64.cache-4
7ff83d2fb000-7ff83d2fc000 r--s 00000000 08:01 4080698                    /var/cache/fontconfig/5d1cca7074f29429a8d18692746c2426-le64.cache-4
7ff83d2fc000-7ff83d2fd000 r--s 00000000 08:01 4065539                    /var/cache/fontconfig/4794a0821666d79190d59a36cb4f44b5-le64.cache-4
7ff83d2fd000-7ff83d2fe000 r--s 00000000 08:01 4080697                    /var/cache/fontconfig/9eae20f1ff8cc0a7d125749e875856bd-le64.cache-4
7ff83d2fe000-7ff83d2ff000 r--s 00000000 08:01 4073084                    /var/cache/fontconfig/0bd3dc0958fa2205aaaa8ebb13e2872b-le64.cache-4
7ff83d2ff000-7ff83d301000 r--s 00000000 08:01 4080696                    /var/cache/fontconfig/bf2c1853a9e9b00bb02fe2e9bcf1e201-le64.cache-4
7ff83d301000-7ff83d305000 r--s 00000000 08:01 4067988                    /var/cache/fontconfig/c57959a16110560c8d0fcea73374aeeb-le64.cache-4
7ff83d305000-7ff83d30c000 r--s 00000000 08:01 4067987                    /var/cache/fontconfig/3047814df9a2f067bd2d96a2b9c36e5a-le64.cache-4
7ff83d30c000-7ff83d314000 r--s 00000000 08:01 4067985                    /var/cache/fontconfig/bf3b770c553c462765856025a94f1ce6-le64.cache-4
7ff83d314000-7ff83d317000 r--s 00000000 08:01 4080695                    /var/cache/fontconfig/14d493b97896515cad3840ba4896e372-le64.cache-4
7ff83d317000-7ff83d31a000 r--s 00000000 08:01 4080694                    /var/cache/fontconfig/e49e89034d371f0f9de17aab02136486-le64.cache-4
7ff83d31a000-7ff83d31c000 r--s 00000000 08:01 4080693                    /var/cache/fontconfig/4b14b093aebc79c320de5e86ae1d3314-le64.cache-4
7ff83d31c000-7ff83d31d000 r--s 00000000 08:01 4080692                    /var/cache/fontconfig/8aec10f4cc8391dcef22ca549f1e4354-le64.cache-4
7ff83d31d000-7ff83d330000 r--s 00000000 08:01 4067959                    /var/cache/fontconfig/d52a8644073d54c13679302ca1180695-le64.cache-4
7ff83d330000-7ff83d331000 r--s 00000000 08:01 4071920                    /var/cache/fontconfig/8a687c406b77f27d99abfeeba937fcce-le64.cache-4
7ff83d331000-7ff83d336000 r--s 00000000 08:01 4080690                    /var/cache/fontconfig/75ad6aa2358a85f0de2c8ee4837e8227-le64.cache-4
7ff83d336000-7ff83d337000 r--s 00000000 08:01 4069914                    /var/cache/fontconfig/3f7329c5293ffd510edef78f73874cfd-le64.cache-4
7ff83d337000-7ff83d339000 r--s 00000000 08:01 4080688                    /var/cache/fontconfig/65f976e5259cbe6dc7697b8648396239-le64.cache-4
7ff83d339000-7ff83d344000 r--s 00000000 08:01 4063273                    /var/cache/fontconfig/d589a48862398ed80a3d6066f4f56f4c-le64.cache-4
7ff83d344000-7ff83d349000 r-xp 00000000 08:01 7473296                    /home/thais/jdk1.8.0_91/jre/lib/amd64/libjavafx_font_freetype.so
7ff83d349000-7ff83d548000 ---p 00005000 08:01 7473296                    /home/thais/jdk1.8.0_91/jre/lib/amd64/libjavafx_font_freetype.so
7ff83d548000-7ff83d549000 rw-p 00004000 08:01 7473296                    /home/thais/jdk1.8.0_91/jre/lib/amd64/libjavafx_font_freetype.so
7ff83d549000-7ff83d54c000 r-xp 00000000 08:01 7473340                    /home/thais/jdk1.8.0_91/jre/lib/amd64/libjavafx_font.so
7ff83d54c000-7ff83d74b000 ---p 00003000 08:01 7473340                    /home/thais/jdk1.8.0_91/jre/lib/amd64/libjavafx_font.so
7ff83d74b000-7ff83d74c000 rw-p 00002000 08:01 7473340                    /home/thais/jdk1.8.0_91/jre/lib/amd64/libjavafx_font.so
7ff83d74c000-7ff83d74f000 ---p 00000000 00:00 0 
7ff83d74f000-7ff83da4d000 rw-p 00000000 00:00 0 
7ff83da4d000-7ff83da50000 ---p 00000000 00:00 0 
7ff83da50000-7ff83db4e000 rw-p 00000000 00:00 0 
7ff83db4e000-7ff83db51000 ---p 00000000 00:00 0 
7ff83db51000-7ff83dc4f000 rw-p 00000000 00:00 0 
7ff83dc4f000-7ff83dc52000 ---p 00000000 00:00 0 
7ff83dc52000-7ff83dd50000 rw-p 00000000 00:00 0 
7ff83dd50000-7ff83dd57000 r-xp 00000000 08:01 10491747                   /usr/lib/x86_64-linux-gnu/libogg.so.0.8.2
7ff83dd57000-7ff83df57000 ---p 00007000 08:01 10491747                   /usr/lib/x86_64-linux-gnu/libogg.so.0.8.2
7ff83df57000-7ff83df58000 r--p 00007000 08:01 10491747                   /usr/lib/x86_64-linux-gnu/libogg.so.0.8.2
7ff83df58000-7ff83df59000 rw-p 00008000 08:01 10491747                   /usr/lib/x86_64-linux-gnu/libogg.so.0.8.2
7ff83df59000-7ff83df84000 r-xp 00000000 08:01 10488648                   /usr/lib/x86_64-linux-gnu/libvorbis.so.0.4.8
7ff83df84000-7ff83e183000 ---p 0002b000 08:01 10488648                   /usr/lib/x86_64-linux-gnu/libvorbis.so.0.4.8
7ff83e183000-7ff83e184000 r--p 0002a000 08:01 10488648                   /usr/lib/x86_64-linux-gnu/libvorbis.so.0.4.8
7ff83e184000-7ff83e185000 rw-p 0002b000 08:01 10488648                   /usr/lib/x86_64-linux-gnu/libvorbis.so.0.4.8
7ff83e185000-7ff83e18e000 r-xp 00000000 08:01 10488538                   /usr/lib/x86_64-linux-gnu/libltdl.so.7.3.1
7ff83e18e000-7ff83e38d000 ---p 00009000 08:01 10488538                   /usr/lib/x86_64-linux-gnu/libltdl.so.7.3.1
7ff83e38d000-7ff83e38e000 r--p 00008000 08:01 10488538                   /usr/lib/x86_64-linux-gnu/libltdl.so.7.3.1
7ff83e38e000-7ff83e38f000 rw-p 00009000 08:01 10488538                   /usr/lib/x86_64-linux-gnu/libltdl.so.7.3.1
7ff83e38f000-7ff83e3a3000 r-xp 00000000 08:01 10488594                   /usr/lib/x86_64-linux-gnu/libtdb.so.1.3.9
7ff83e3a3000-7ff83e5a3000 ---p 00014000 08:01 10488594                   /usr/lib/x86_64-linux-gnu/libtdb.so.1.3.9
7ff83e5a3000-7ff83e5a4000 r--p 00014000 08:01 10488594                   /usr/lib/x86_64-linux-gnu/libtdb.so.1.3.9
7ff83e5a4000-7ff83e5a5000 rw-p 00015000 08:01 10488594                   /usr/lib/x86_64-linux-gnu/libtdb.so.1.3.9
7ff83e5a5000-7ff83e5ad000 r-xp 00000000 08:01 10488643                   /usr/lib/x86_64-linux-gnu/libvorbisfile.so.3.3.7
7ff83e5ad000-7ff83e7ac000 ---p 00008000 08:01 10488643                   /usr/lib/x86_64-linux-gnu/libvorbisfile.so.3.3.7
7ff83e7ac000-7ff83e7ad000 r--p 00007000 08:01 10488643                   /usr/lib/x86_64-linux-gnu/libvorbisfile.so.3.3.7
7ff83e7ad000-7ff83e7ae000 rw-p 00008000 08:01 10488643                   /usr/lib/x86_64-linux-gnu/libvorbisfile.so.3.3.7
7ff83e7ae000-7ff83e7bf000 r-xp 00000000 08:01 10488711                   /usr/lib/x86_64-linux-gnu/libcanberra.so.0.2.5
7ff83e7bf000-7ff83e9be000 ---p 00011000 08:01 10488711                   /usr/lib/x86_64-linux-gnu/libcanberra.so.0.2.5
7ff83e9be000-7ff83e9bf000 r--p 00010000 08:01 10488711                   /usr/lib/x86_64-linux-gnu/libcanberra.so.0.2.5
7ff83e9bf000-7ff83e9c0000 rw-p 00011000 08:01 10488711                   /usr/lib/x86_64-linux-gnu/libcanberra.so.0.2.5
7ff83e9c0000-7ff83e9c4000 r-xp 00000000 08:01 10490549                   /usr/lib/x86_64-linux-gnu/libcanberra-gtk.so.0.1.9
7ff83e9c4000-7ff83ebc3000 ---p 00004000 08:01 10490549                   /usr/lib/x86_64-linux-gnu/libcanberra-gtk.so.0.1.9
7ff83ebc3000-7ff83ebc4000 r--p 00003000 08:01 10490549                   /usr/lib/x86_64-linux-gnu/libcanberra-gtk.so.0.1.9
7ff83ebc4000-7ff83ebc5000 rw-p 00004000 08:01 10490549                   /usr/lib/x86_64-linux-gnu/libcanberra-gtk.so.0.1.9
7ff83ebc5000-7ff83ebca000 r-xp 00000000 08:01 11273214                   /usr/lib/x86_64-linux-gnu/gtk-2.0/modules/libcanberra-gtk-module.so
7ff83ebca000-7ff83edc9000 ---p 00005000 08:01 11273214                   /usr/lib/x86_64-linux-gnu/gtk-2.0/modules/libcanberra-gtk-module.so
7ff83edc9000-7ff83edca000 r--p 00004000 08:01 11273214                   /usr/lib/x86_64-linux-gnu/gtk-2.0/modules/libcanberra-gtk-module.so
7ff83edca000-7ff83edcb000 rw-p 00005000 08:01 11273214                   /usr/lib/x86_64-linux-gnu/gtk-2.0/modules/libcanberra-gtk-module.so
7ff83edcb000-7ff83edd5000 r-xp 00000000 08:01 11275208                   /usr/lib/x86_64-linux-gnu/gtk-2.0/2.10.0/engines/libpixmap.so
7ff83edd5000-7ff83efd4000 ---p 0000a000 08:01 11275208                   /usr/lib/x86_64-linux-gnu/gtk-2.0/2.10.0/engines/libpixmap.so
7ff83efd4000-7ff83efd5000 r--p 00009000 08:01 11275208                   /usr/lib/x86_64-linux-gnu/gtk-2.0/2.10.0/engines/libpixmap.so
7ff83efd5000-7ff83efd6000 rw-p 0000a000 08:01 11275208                   /usr/lib/x86_64-linux-gnu/gtk-2.0/2.10.0/engines/libpixmap.so
7ff83efd6000-7ff83f006000 r-xp 00000000 08:01 11274504                   /usr/lib/x86_64-linux-gnu/gtk-2.0/2.10.0/engines/libmurrine.so
7ff83f006000-7ff83f206000 ---p 00030000 08:01 11274504                   /usr/lib/x86_64-linux-gnu/gtk-2.0/2.10.0/engines/libmurrine.so
7ff83f206000-7ff83f207000 r--p 00030000 08:01 11274504                   /usr/lib/x86_64-linux-gnu/gtk-2.0/2.10.0/engines/libmurrine.so
7ff83f207000-7ff83f208000 rw-p 00031000 08:01 11274504                   /usr/lib/x86_64-linux-gnu/gtk-2.0/2.10.0/engines/libmurrine.so
7ff83f208000-7ff83f231000 r-xp 00000000 08:01 7473316                    /home/thais/jdk1.8.0_91/jre/lib/amd64/libglass.so
7ff83f231000-7ff83f430000 ---p 00029000 08:01 7473316                    /home/thais/jdk1.8.0_91/jre/lib/amd64/libglass.so
7ff83f430000-7ff83f433000 rw-p 00028000 08:01 7473316                    /home/thais/jdk1.8.0_91/jre/lib/amd64/libglass.so
7ff83f433000-7ff83f46a000 r-xp 00000000 08:01 10492200                   /usr/lib/x86_64-linux-gnu/libtxc_dxtn_s2tc.so.0.0.0
7ff83f46a000-7ff83f669000 ---p 00037000 08:01 10492200                   /usr/lib/x86_64-linux-gnu/libtxc_dxtn_s2tc.so.0.0.0
7ff83f669000-7ff83f66a000 r--p 00036000 08:01 10492200                   /usr/lib/x86_64-linux-gnu/libtxc_dxtn_s2tc.so.0.0.0
7ff83f66a000-7ff83f66b000 rw-p 00037000 08:01 10492200                   /usr/lib/x86_64-linux-gnu/libtxc_dxtn_s2tc.so.0.0.0
7ff83f66b000-7ff83f673000 r-xp 00000000 08:01 10491818                   /usr/lib/x86_64-linux-gnu/libpciaccess.so.0.11.1
7ff83f673000-7ff83f873000 ---p 00008000 08:01 10491818                   /usr/lib/x86_64-linux-gnu/libpciaccess.so.0.11.1
7ff83f873000-7ff83f874000 r--p 00008000 08:01 10491818                   /usr/lib/x86_64-linux-gnu/libpciaccess.so.0.11.1
7ff83f874000-7ff83f875000 rw-p 00009000 08:01 10491818                   /usr/lib/x86_64-linux-gnu/libpciaccess.so.0.11.1
7ff83f875000-7ff83f880000 r-xp 00000000 08:01 10487107                   /usr/lib/x86_64-linux-gnu/libdrm_radeon.so.1.0.1
7ff83f880000-7ff83fa7f000 ---p 0000b000 08:01 10487107                   /usr/lib/x86_64-linux-gnu/libdrm_radeon.so.1.0.1
7ff83fa7f000-7ff83fa80000 r--p 0000a000 08:01 10487107                   /usr/lib/x86_64-linux-gnu/libdrm_radeon.so.1.0.1
7ff83fa80000-7ff83fa81000 rw-p 0000b000 08:01 10487107                   /usr/lib/x86_64-linux-gnu/libdrm_radeon.so.1.0.1
7ff83fa81000-7ff83fa88000 r-xp 00000000 08:01 10486410                   /usr/lib/x86_64-linux-gnu/libdrm_nouveau.so.2.0.0
7ff83fa88000-7ff83fc87000 ---p 00007000 08:01 10486410                   /usr/lib/x86_64-linux-gnu/libdrm_nouveau.so.2.0.0
7ff83fc87000-7ff83fc88000 r--p 00006000 08:01 10486410                   /usr/lib/x86_64-linux-gnu/libdrm_nouveau.so.2.0.0
7ff83fc88000-7ff83fc89000 rw-p 00007000 08:01 10486410                   /usr/lib/x86_64-linux-gnu/libdrm_nouveau.so.2.0.0
7ff83fc89000-7ff83fca9000 r-xp 00000000 08:01 10487105                   /usr/lib/x86_64-linux-gnu/libdrm_intel.so.1.0.0
7ff83fca9000-7ff83fea8000 ---p 00020000 08:01 10487105                   /usr/lib/x86_64-linux-gnu/libdrm_intel.so.1.0.0
7ff83fea8000-7ff83fea9000 r--p 0001f000 08:01 10487105                   /usr/lib/x86_64-linux-gnu/libdrm_intel.so.1.0.0
7ff83fea9000-7ff83feaa000 rw-p 00020000 08:01 10487105                   /usr/lib/x86_64-linux-gnu/libdrm_intel.so.1.0.0
7ff83feaa000-7ff8404b0000 r-xp 00000000 08:01 11275200                   /usr/lib/x86_64-linux-gnu/dri/i965_dri.so
7ff8404b0000-7ff8406af000 ---p 00606000 08:01 11275200                   /usr/lib/x86_64-linux-gnu/dri/i965_dri.so
7ff8406af000-7ff8406e5000 r--p 00605000 08:01 11275200                   /usr/lib/x86_64-linux-gnu/dri/i965_dri.so
7ff8406e5000-7ff8406ec000 rw-p 0063b000 08:01 11275200                   /usr/lib/x86_64-linux-gnu/dri/i965_dri.so
7ff8406ec000-7ff8406f4000 rw-p 00000000 00:00 0 
7ff8406f4000-7ff8406fb000 r-xp 00000000 08:01 10488771                   /usr/lib/x86_64-linux-gnu/libdatrie.so.1.3.3
7ff8406fb000-7ff8408fa000 ---p 00007000 08:01 10488771                   /usr/lib/x86_64-linux-gnu/libdatrie.so.1.3.3
7ff8408fa000-7ff8408fb000 r--p 00006000 08:01 10488771                   /usr/lib/x86_64-linux-gnu/libdatrie.so.1.3.3
7ff8408fb000-7ff8408fc000 rw-p 00007000 08:01 10488771                   /usr/lib/x86_64-linux-gnu/libdatrie.so.1.3.3
7ff8408fc000-7ff840901000 r-xp 00000000 08:01 10487132                   /usr/lib/x86_64-linux-gnu/libXdmcp.so.6.0.0
7ff840901000-7ff840b00000 ---p 00005000 08:01 10487132                   /usr/lib/x86_64-linux-gnu/libXdmcp.so.6.0.0
7ff840b00000-7ff840b01000 r--p 00004000 08:01 10487132                   /usr/lib/x86_64-linux-gnu/libXdmcp.so.6.0.0
7ff840b01000-7ff840b02000 rw-p 00005000 08:01 10487132                   /usr/lib/x86_64-linux-gnu/libXdmcp.so.6.0.0
7ff840b02000-7ff840b05000 r-xp 00000000 08:01 10490761                   /usr/lib/x86_64-linux-gnu/libXau.so.6.0.0
7ff840b05000-7ff840d04000 ---p 00003000 08:01 10490761                   /usr/lib/x86_64-linux-gnu/libXau.so.6.0.0
7ff840d04000-7ff840d05000 r--p 00002000 08:01 10490761                   /usr/lib/x86_64-linux-gnu/libXau.so.6.0.0
7ff840d05000-7ff840d06000 rw-p 00003000 08:01 10490761                   /usr/lib/x86_64-linux-gnu/libXau.so.6.0.0
7ff840d06000-7ff840d29000 r-xp 00000000 08:01 10488741                   /usr/lib/x86_64-linux-gnu/libgraphite2.so.3.0.1
7ff840d29000-7ff840f29000 ---p 00023000 08:01 10488741                   /usr/lib/x86_64-linux-gnu/libgraphite2.so.3.0.1
7ff840f29000-7ff840f2b000 r--p 00023000 08:01 10488741                   /usr/lib/x86_64-linux-gnu/libgraphite2.so.3.0.1
7ff840f2b000-7ff840f2c000 rw-p 00025000 08:01 10488741                   /usr/lib/x86_64-linux-gnu/libgraphite2.so.3.0.1
7ff840f2c000-7ff840f3a000 r-xp 00000000 08:01 10486620                   /usr/lib/x86_64-linux-gnu/libdrm.so.2.4.0
7ff840f3a000-7ff841139000 ---p 0000e000 08:01 10486620                   /usr/lib/x86_64-linux-gnu/libdrm.so.2.4.0
7ff841139000-7ff84113a000 r--p 0000d000 08:01 10486620                   /usr/lib/x86_64-linux-gnu/libdrm.so.2.4.0
7ff84113a000-7ff84113b000 rw-p 0000e000 08:01 10486620                   /usr/lib/x86_64-linux-gnu/libdrm.so.2.4.0
7ff84113b000-7ff84113f000 r-xp 00000000 08:01 10488787                   /usr/lib/x86_64-linux-gnu/libxcb-dri2.so.0.0.0
7ff84113f000-7ff84133e000 ---p 00004000 08:01 10488787                   /usr/lib/x86_64-linux-gnu/libxcb-dri2.so.0.0.0
7ff84133e000-7ff84133f000 r--p 00003000 08:01 10488787                   /usr/lib/x86_64-linux-gnu/libxcb-dri2.so.0.0.0
7ff84133f000-7ff841340000 rw-p 00004000 08:01 10488787                   /usr/lib/x86_64-linux-gnu/libxcb-dri2.so.0.0.0
7ff841340000-7ff841357000 r-xp 00000000 08:01 10488831                   /usr/lib/x86_64-linux-gnu/libxcb-glx.so.0.0.0
7ff841357000-7ff841556000 ---p 00017000 08:01 10488831                   /usr/lib/x86_64-linux-gnu/libxcb-glx.so.0.0.0
7ff841556000-7ff841558000 r--p 00016000 08:01 10488831                   /usr/lib/x86_64-linux-gnu/libxcb-glx.so.0.0.0
7ff841558000-7ff841559000 rw-p 00018000 08:01 10488831                   /usr/lib/x86_64-linux-gnu/libxcb-glx.so.0.0.0
7ff841559000-7ff84155a000 r-xp 00000000 08:01 10490751                   /usr/lib/x86_64-linux-gnu/libX11-xcb.so.1.0.0
7ff84155a000-7ff841759000 ---p 00001000 08:01 10490751                   /usr/lib/x86_64-linux-gnu/libX11-xcb.so.1.0.0
7ff841759000-7ff84175a000 r--p 00000000 08:01 10490751                   /usr/lib/x86_64-linux-gnu/libX11-xcb.so.1.0.0
7ff84175a000-7ff84175b000 rw-p 00001000 08:01 10490751                   /usr/lib/x86_64-linux-gnu/libX11-xcb.so.1.0.0
7ff84175b000-7ff841784000 r-xp 00000000 08:01 10488829                   /usr/lib/x86_64-linux-gnu/libglapi.so.0.0.0
7ff841784000-7ff841983000 ---p 00029000 08:01 10488829                   /usr/lib/x86_64-linux-gnu/libglapi.so.0.0.0
7ff841983000-7ff841987000 r--p 00028000 08:01 10488829                   /usr/lib/x86_64-linux-gnu/libglapi.so.0.0.0
7ff841987000-7ff841988000 rw-p 0002c000 08:01 10488829                   /usr/lib/x86_64-linux-gnu/libglapi.so.0.0.0
7ff841988000-7ff841989000 rw-p 00000000 00:00 0 
7ff841989000-7ff84198a000 r-xp 00000000 08:01 10492433                   /usr/lib/x86_64-linux-gnu/libxshmfence.so.1.0.0
7ff84198a000-7ff841b8a000 ---p 00001000 08:01 10492433                   /usr/lib/x86_64-linux-gnu/libxshmfence.so.1.0.0
7ff841b8a000-7ff841b8b000 r--p 00001000 08:01 10492433                   /usr/lib/x86_64-linux-gnu/libxshmfence.so.1.0.0
7ff841b8b000-7ff841b8c000 rw-p 00002000 08:01 10492433                   /usr/lib/x86_64-linux-gnu/libxshmfence.so.1.0.0
7ff841b8c000-7ff841b91000 r-xp 00000000 08:01 10488798                   /usr/lib/x86_64-linux-gnu/libxcb-sync.so.1.0.0
7ff841b91000-7ff841d91000 ---p 00005000 08:01 10488798                   /usr/lib/x86_64-linux-gnu/libxcb-sync.so.1.0.0
7ff841d91000-7ff841d92000 r--p 00005000 08:01 10488798                   /usr/lib/x86_64-linux-gnu/libxcb-sync.so.1.0.0
7ff841d92000-7ff841d93000 rw-p 00006000 08:01 10488798                   /usr/lib/x86_64-linux-gnu/libxcb-sync.so.1.0.0
7ff841d93000-7ff841d96000 r-xp 00000000 08:01 10488796                   /usr/lib/x86_64-linux-gnu/libxcb-shape.so.0.0.0
7ff841d96000-7ff841f95000 ---p 00003000 08:01 10488796                   /usr/lib/x86_64-linux-gnu/libxcb-shape.so.0.0.0
7ff841f95000-7ff841f96000 r--p 00002000 08:01 10488796                   /usr/lib/x86_64-linux-gnu/libxcb-shape.so.0.0.0
7ff841f96000-7ff841f97000 rw-p 00003000 08:01 10488796                   /usr/lib/x86_64-linux-gnu/libxcb-shape.so.0.0.0
7ff841f97000-7ff841f9d000 r-xp 00000000 08:01 10488801                   /usr/lib/x86_64-linux-gnu/libxcb-xfixes.so.0.0.0
7ff841f9d000-7ff84219d000 ---p 00006000 08:01 10488801                   /usr/lib/x86_64-linux-gnu/libxcb-xfixes.so.0.0.0
7ff84219d000-7ff84219e000 r--p 00006000 08:01 10488801                   /usr/lib/x86_64-linux-gnu/libxcb-xfixes.so.0.0.0
7ff84219e000-7ff84219f000 rw-p 00007000 08:01 10488801                   /usr/lib/x86_64-linux-gnu/libxcb-xfixes.so.0.0.0
7ff84219f000-7ff8421ab000 r-xp 00000000 08:01 10488793                   /usr/lib/x86_64-linux-gnu/libxcb-randr.so.0.1.0
7ff8421ab000-7ff8423ab000 ---p 0000c000 08:01 10488793                   /usr/lib/x86_64-linux-gnu/libxcb-randr.so.0.1.0
7ff8423ab000-7ff8423ac000 r--p 0000c000 08:01 10488793                   /usr/lib/x86_64-linux-gnu/libxcb-randr.so.0.1.0
7ff8423ac000-7ff8423ad000 rw-p 0000d000 08:01 10488793                   /usr/lib/x86_64-linux-gnu/libxcb-randr.so.0.1.0
7ff8423ad000-7ff8423af000 r-xp 00000000 08:01 10488791                   /usr/lib/x86_64-linux-gnu/libxcb-present.so.0.0.0
7ff8423af000-7ff8425ae000 ---p 00002000 08:01 10488791                   /usr/lib/x86_64-linux-gnu/libxcb-present.so.0.0.0
7ff8425ae000-7ff8425af000 r--p 00001000 08:01 10488791                   /usr/lib/x86_64-linux-gnu/libxcb-present.so.0.0.0
7ff8425af000-7ff8425b0000 rw-p 00002000 08:01 10488791                   /usr/lib/x86_64-linux-gnu/libxcb-present.so.0.0.0
7ff8425b0000-7ff8425b2000 r-xp 00000000 08:01 10488789                   /usr/lib/x86_64-linux-gnu/libxcb-dri3.so.0.0.0
7ff8425b2000-7ff8427b1000 ---p 00002000 08:01 10488789                   /usr/lib/x86_64-linux-gnu/libxcb-dri3.so.0.0.0
7ff8427b1000-7ff8427b2000 r--p 00001000 08:01 10488789                   /usr/lib/x86_64-linux-gnu/libxcb-dri3.so.0.0.0
7ff8427b2000-7ff8427b3000 rw-p 00002000 08:01 10488789                   /usr/lib/x86_64-linux-gnu/libxcb-dri3.so.0.0.0
7ff8427b3000-7ff842821000 r-xp 00000000 08:01 6686844                    /lib/x86_64-linux-gnu/libpcre.so.3.13.2
7ff842821000-7ff842a21000 ---p 0006e000 08:01 6686844                    /lib/x86_64-linux-gnu/libpcre.so.3.13.2
7ff842a21000-7ff842a22000 r--p 0006e000 08:01 6686844                    /lib/x86_64-linux-gnu/libpcre.so.3.13.2
7ff842a22000-7ff842a23000 rw-p 0006f000 08:01 6686844                    /lib/x86_64-linux-gnu/libpcre.so.3.13.2
7ff842a23000-7ff842a2a000 r-xp 00000000 08:01 10491134                   /usr/lib/x86_64-linux-gnu/libffi.so.6.0.4
7ff842a2a000-7ff842c2a000 ---p 00007000 08:01 10491134                   /usr/lib/x86_64-linux-gnu/libffi.so.6.0.4
7ff842c2a000-7ff842c2b000 r--p 00007000 08:01 10491134                   /usr/lib/x86_64-linux-gnu/libffi.so.6.0.4
7ff842c2b000-7ff842c2c000 rw-p 00008000 08:01 10491134                   /usr/lib/x86_64-linux-gnu/libffi.so.6.0.4
7ff842c2c000-7ff842c52000 r-xp 00000000 08:01 6686745                    /lib/x86_64-linux-gnu/libexpat.so.1.6.0
7ff842c52000-7ff842e52000 ---p 00026000 08:01 6686745                    /lib/x86_64-linux-gnu/libexpat.so.1.6.0
7ff842e52000-7ff842e54000 r--p 00026000 08:01 6686745                    /lib/x86_64-linux-gnu/libexpat.so.1.6.0
7ff842e54000-7ff842e55000 rw-p 00028000 08:01 6686745                    /lib/x86_64-linux-gnu/libexpat.so.1.6.0
7ff842e55000-7ff842e5d000 r-xp 00000000 08:01 10488776                   /usr/lib/x86_64-linux-gnu/libthai.so.0.2.4
7ff842e5d000-7ff84305c000 ---p 00008000 08:01 10488776                   /usr/lib/x86_64-linux-gnu/libthai.so.0.2.4
7ff84305c000-7ff84305d000 r--p 00007000 08:01 10488776                   /usr/lib/x86_64-linux-gnu/libthai.so.0.2.4
7ff84305d000-7ff84305e000 rw-p 00008000 08:01 10488776                   /usr/lib/x86_64-linux-gnu/libthai.so.0.2.4
7ff84305e000-7ff84307f000 r-xp 00000000 08:01 10488515                   /usr/lib/x86_64-linux-gnu/libxcb.so.1.1.0
7ff84307f000-7ff84327e000 ---p 00021000 08:01 10488515                   /usr/lib/x86_64-linux-gnu/libxcb.so.1.1.0
7ff84327e000-7ff84327f000 r--p 00020000 08:01 10488515                   /usr/lib/x86_64-linux-gnu/libxcb.so.1.1.0
7ff84327f000-7ff843280000 rw-p 00021000 08:01 10488515                   /usr/lib/x86_64-linux-gnu/libxcb.so.1.1.0
7ff843280000-7ff843289000 r-xp 00000000 08:01 10488519                   /usr/lib/x86_64-linux-gnu/libxcb-render.so.0.0.0
7ff843289000-7ff843488000 ---p 00009000 08:01 10488519                   /usr/lib/x86_64-linux-gnu/libxcb-render.so.0.0.0
7ff843488000-7ff843489000 r--p 00008000 08:01 10488519                   /usr/lib/x86_64-linux-gnu/libxcb-render.so.0.0.0
7ff843489000-7ff84348a000 rw-p 00009000 08:01 10488519                   /usr/lib/x86_64-linux-gnu/libxcb-render.so.0.0.0
7ff84348a000-7ff84348c000 r-xp 00000000 08:01 10488524                   /usr/lib/x86_64-linux-gnu/libxcb-shm.so.0.0.0
7ff84348c000-7ff84368c000 ---p 00002000 08:01 10488524                   /usr/lib/x86_64-linux-gnu/libxcb-shm.so.0.0.0
7ff84368c000-7ff84368d000 r--p 00002000 08:01 10488524                   /usr/lib/x86_64-linux-gnu/libxcb-shm.so.0.0.0
7ff84368d000-7ff84368e000 rw-p 00003000 08:01 10488524                   /usr/lib/x86_64-linux-gnu/libxcb-shm.so.0.0.0
7ff84368e000-7ff84372e000 r-xp 00000000 08:01 10487127                   /usr/lib/x86_64-linux-gnu/libpixman-1.so.0.33.6
7ff84372e000-7ff84392d000 ---p 000a0000 08:01 10487127                   /usr/lib/x86_64-linux-gnu/libpixman-1.so.0.33.6
7ff84392d000-7ff843935000 r--p 0009f000 08:01 10487127                   /usr/lib/x86_64-linux-gnu/libpixman-1.so.0.33.6
7ff843935000-7ff843936000 rw-p 000a7000 08:01 10487127                   /usr/lib/x86_64-linux-gnu/libpixman-1.so.0.33.6
7ff843936000-7ff843967000 r-xp 00000000 08:01 10491024                   /usr/lib/x86_64-linux-gnu/libpng16.so.16.22.0
7ff843967000-7ff843b67000 ---p 00031000 08:01 10491024                   /usr/lib/x86_64-linux-gnu/libpng16.so.16.22.0
7ff843b67000-7ff843b68000 r--p 00031000 08:01 10491024                   /usr/lib/x86_64-linux-gnu/libpng16.so.16.22.0
7ff843b68000-7ff843b69000 rw-p 00032000 08:01 10491024                   /usr/lib/x86_64-linux-gnu/libpng16.so.16.22.0
7ff843b69000-7ff843be7000 r-xp 00000000 08:01 10488746                   /usr/lib/x86_64-linux-gnu/libharfbuzz.so.0.10200.6
7ff843be7000-7ff843de7000 ---p 0007e000 08:01 10488746                   /usr/lib/x86_64-linux-gnu/libharfbuzz.so.0.10200.6
7ff843de7000-7ff843de8000 r--p 0007e000 08:01 10488746                   /usr/lib/x86_64-linux-gnu/libharfbuzz.so.0.10200.6
7ff843de8000-7ff843de9000 rw-p 0007f000 08:01 10488746                   /usr/lib/x86_64-linux-gnu/libharfbuzz.so.0.10200.6
7ff843de9000-7ff843dfd000 r-xp 00000000 08:01 6691120                    /lib/x86_64-linux-gnu/libresolv-2.22.so
7ff843dfd000-7ff843ffc000 ---p 00014000 08:01 6691120                    /lib/x86_64-linux-gnu/libresolv-2.22.so
7ff843ffc000-7ff843ffd000 r--p 00013000 08:01 6691120                    /lib/x86_64-linux-gnu/libresolv-2.22.so
7ff843ffd000-7ff843ffe000 rw-p 00014000 08:01 6691120                    /lib/x86_64-linux-gnu/libresolv-2.22.so
7ff843ffe000-7ff844000000 rw-p 00000000 00:00 0 
7ff844000000-7ff845f74000 rw-p 00000000 00:00 0 
7ff845f74000-7ff848000000 ---p 00000000 00:00 0 
7ff848000000-7ff848001000 r--s 00000000 08:01 4080689                    /var/cache/fontconfig/ac2cf712d852da827a87a9baf682f5b9-le64.cache-4
7ff848001000-7ff848005000 r--s 00000000 08:01 4080687                    /var/cache/fontconfig/246184dc75a16901ca37d96895904249-le64.cache-4
7ff848005000-7ff848006000 r--s 00000000 08:01 4080686                    /var/cache/fontconfig/94f7fe9bd33aadfac165873bd010d595-le64.cache-4
7ff848006000-7ff848008000 r--s 00000000 08:01 4080685                    /var/cache/fontconfig/423767150eb258c59035de29db6fca84-le64.cache-4
7ff848008000-7ff848009000 r--s 00000000 08:01 4080684                    /var/cache/fontconfig/845c20fd2c4814bcec78e05d37a63ccc-le64.cache-4
7ff848009000-7ff84800a000 r--s 00000000 08:01 4080683                    /var/cache/fontconfig/e7de81b01590fb7e12b38e274e17d0db-le64.cache-4
7ff84800a000-7ff84800b000 r--s 00000000 08:01 4080682                    /var/cache/fontconfig/406a1d2d2bf3ed7664fbadefac0b2f66-le64.cache-4
7ff84800b000-7ff848018000 r--s 00000000 08:01 4080680                    /var/cache/fontconfig/198d8fcf01c96d0cf813f74fd759bdb7-le64.cache-4
7ff848018000-7ff84801b000 r--s 00000000 08:01 4080678                    /var/cache/fontconfig/75114ca45c98e8a441da0ff356701271-le64.cache-4
7ff84801b000-7ff84803f000 r-xp 00000000 08:01 6686455                    /lib/x86_64-linux-gnu/libselinux.so.1
7ff84803f000-7ff84823e000 ---p 00024000 08:01 6686455                    /lib/x86_64-linux-gnu/libselinux.so.1
7ff84823e000-7ff84823f000 r--p 00023000 08:01 6686455                    /lib/x86_64-linux-gnu/libselinux.so.1
7ff84823f000-7ff848240000 rw-p 00024000 08:01 6686455                    /lib/x86_64-linux-gnu/libselinux.so.1
7ff848240000-7ff848242000 rw-p 00000000 00:00 0 
7ff848242000-7ff84825c000 r-xp 00000000 08:01 6686989                    /lib/x86_64-linux-gnu/libz.so.1.2.8
7ff84825c000-7ff84845b000 ---p 0001a000 08:01 6686989                    /lib/x86_64-linux-gnu/libz.so.1.2.8
7ff84845b000-7ff84845c000 r--p 00019000 08:01 6686989                    /lib/x86_64-linux-gnu/libz.so.1.2.8
7ff84845c000-7ff84845d000 rw-p 0001a000 08:01 6686989                    /lib/x86_64-linux-gnu/libz.so.1.2.8
7ff84845d000-7ff84846e000 r-xp 00000000 08:01 10490776                   /usr/lib/x86_64-linux-gnu/libXext.so.6.4.0
7ff84846e000-7ff84866d000 ---p 00011000 08:01 10490776                   /usr/lib/x86_64-linux-gnu/libXext.so.6.4.0
7ff84866d000-7ff84866e000 r--p 00010000 08:01 10490776                   /usr/lib/x86_64-linux-gnu/libXext.so.6.4.0
7ff84866e000-7ff84866f000 rw-p 00011000 08:01 10490776                   /usr/lib/x86_64-linux-gnu/libXext.so.6.4.0
7ff84866f000-7ff848679000 r-xp 00000000 08:01 10490768                   /usr/lib/x86_64-linux-gnu/libXcursor.so.1.0.2
7ff848679000-7ff848878000 ---p 0000a000 08:01 10490768                   /usr/lib/x86_64-linux-gnu/libXcursor.so.1.0.2
7ff848878000-7ff848879000 r--p 00009000 08:01 10490768                   /usr/lib/x86_64-linux-gnu/libXcursor.so.1.0.2
7ff848879000-7ff84887a000 rw-p 0000a000 08:01 10490768                   /usr/lib/x86_64-linux-gnu/libXcursor.so.1.0.2
7ff84887a000-7ff848884000 r-xp 00000000 08:01 10490797                   /usr/lib/x86_64-linux-gnu/libXrandr.so.2.2.0
7ff848884000-7ff848a83000 ---p 0000a000 08:01 10490797                   /usr/lib/x86_64-linux-gnu/libXrandr.so.2.2.0
7ff848a83000-7ff848a84000 r--p 00009000 08:01 10490797                   /usr/lib/x86_64-linux-gnu/libXrandr.so.2.2.0
7ff848a84000-7ff848a85000 rw-p 0000a000 08:01 10490797                   /usr/lib/x86_64-linux-gnu/libXrandr.so.2.2.0
7ff848a85000-7ff848a94000 r-xp 00000000 08:01 10488807                   /usr/lib/x86_64-linux-gnu/libXi.so.6.1.0
7ff848a94000-7ff848c93000 ---p 0000f000 08:01 10488807                   /usr/lib/x86_64-linux-gnu/libXi.so.6.1.0
7ff848c93000-7ff848c94000 r--p 0000e000 08:01 10488807                   /usr/lib/x86_64-linux-gnu/libXi.so.6.1.0
7ff848c94000-7ff848c95000 rw-p 0000f000 08:01 10488807                   /usr/lib/x86_64-linux-gnu/libXi.so.6.1.0
7ff848c95000-7ff848c97000 r-xp 00000000 08:01 10490786                   /usr/lib/x86_64-linux-gnu/libXinerama.so.1.0.0
7ff848c97000-7ff848e96000 ---p 00002000 08:01 10490786                   /usr/lib/x86_64-linux-gnu/libXinerama.so.1.0.0
7ff848e96000-7ff848e97000 r--p 00001000 08:01 10490786                   /usr/lib/x86_64-linux-gnu/libXinerama.so.1.0.0
7ff848e97000-7ff848e98000 rw-p 00002000 08:01 10490786                   /usr/lib/x86_64-linux-gnu/libXinerama.so.1.0.0
7ff848e98000-7ff848ea1000 r-xp 00000000 08:01 10490799                   /usr/lib/x86_64-linux-gnu/libXrender.so.1.3.0
7ff848ea1000-7ff8490a0000 ---p 00009000 08:01 10490799                   /usr/lib/x86_64-linux-gnu/libXrender.so.1.3.0
7ff8490a0000-7ff8490a1000 r--p 00008000 08:01 10490799                   /usr/lib/x86_64-linux-gnu/libXrender.so.1.3.0
7ff8490a1000-7ff8490a2000 rw-p 00009000 08:01 10490799                   /usr/lib/x86_64-linux-gnu/libXrender.so.1.3.0
7ff8490a2000-7ff8490a7000 r-xp 00000000 08:01 10490778                   /usr/lib/x86_64-linux-gnu/libXfixes.so.3.1.0
7ff8490a7000-7ff8492a6000 ---p 00005000 08:01 10490778                   /usr/lib/x86_64-linux-gnu/libXfixes.so.3.1.0
7ff8492a6000-7ff8492a7000 r--p 00004000 08:01 10490778                   /usr/lib/x86_64-linux-gnu/libXfixes.so.3.1.0
7ff8492a7000-7ff8492a8000 rw-p 00005000 08:01 10490778                   /usr/lib/x86_64-linux-gnu/libXfixes.so.3.1.0
7ff8492a8000-7ff8492aa000 r-xp 00000000 08:01 10490770                   /usr/lib/x86_64-linux-gnu/libXdamage.so.1.1.0
7ff8492aa000-7ff8494a9000 ---p 00002000 08:01 10490770                   /usr/lib/x86_64-linux-gnu/libXdamage.so.1.1.0
7ff8494a9000-7ff8494aa000 r--p 00001000 08:01 10490770                   /usr/lib/x86_64-linux-gnu/libXdamage.so.1.1.0
7ff8494aa000-7ff8494ab000 rw-p 00002000 08:01 10490770                   /usr/lib/x86_64-linux-gnu/libXdamage.so.1.1.0
7ff8494ab000-7ff8494ad000 r-xp 00000000 08:01 10490766                   /usr/lib/x86_64-linux-gnu/libXcomposite.so.1.0.0
7ff8494ad000-7ff8496ac000 ---p 00002000 08:01 10490766                   /usr/lib/x86_64-linux-gnu/libXcomposite.so.1.0.0
7ff8496ac000-7ff8496ad000 r--p 00001000 08:01 10490766                   /usr/lib/x86_64-linux-gnu/libXcomposite.so.1.0.0
7ff8496ad000-7ff8496ae000 rw-p 00002000 08:01 10490766                   /usr/lib/x86_64-linux-gnu/libXcomposite.so.1.0.0
7ff8496ae000-7ff8496c4000 r-xp 00000000 08:01 6686790                    /lib/x86_64-linux-gnu/libgcc_s.so.1
7ff8496c4000-7ff8498c3000 ---p 00016000 08:01 6686790                    /lib/x86_64-linux-gnu/libgcc_s.so.1
7ff8498c3000-7ff8498c4000 rw-p 00015000 08:01 6686790                    /lib/x86_64-linux-gnu/libgcc_s.so.1
7ff8498c4000-7ff849a35000 r-xp 00000000 08:01 10486629                   /usr/lib/x86_64-linux-gnu/libstdc++.so.6.0.22
7ff849a35000-7ff849c34000 ---p 00171000 08:01 10486629                   /usr/lib/x86_64-linux-gnu/libstdc++.so.6.0.22
7ff849c34000-7ff849c3e000 r--p 00170000 08:01 10486629                   /usr/lib/x86_64-linux-gnu/libstdc++.so.6.0.22
7ff849c3e000-7ff849c40000 rw-p 0017a000 08:01 10486629                   /usr/lib/x86_64-linux-gnu/libstdc++.so.6.0.22
7ff849c40000-7ff849c44000 rw-p 00000000 00:00 0 
7ff849c44000-7ff849cb1000 r-xp 00000000 08:01 10488826                   /usr/lib/x86_64-linux-gnu/libGL.so.1.2.0
7ff849cb1000-7ff849eb0000 ---p 0006d000 08:01 10488826                   /usr/lib/x86_64-linux-gnu/libGL.so.1.2.0
7ff849eb0000-7ff849eb3000 r--p 0006c000 08:01 10488826                   /usr/lib/x86_64-linux-gnu/libGL.so.1.2.0
7ff849eb3000-7ff849eb4000 rw-p 0006f000 08:01 10488826                   /usr/lib/x86_64-linux-gnu/libGL.so.1.2.0
7ff849eb4000-7ff849eb5000 rw-p 00000000 00:00 0 
7ff849eb5000-7ff849eba000 r-xp 00000000 08:01 10490817                   /usr/lib/x86_64-linux-gnu/libXxf86vm.so.1.0.0
7ff849eba000-7ff84a0b9000 ---p 00005000 08:01 10490817                   /usr/lib/x86_64-linux-gnu/libXxf86vm.so.1.0.0
7ff84a0b9000-7ff84a0ba000 r--p 00004000 08:01 10490817                   /usr/lib/x86_64-linux-gnu/libXxf86vm.so.1.0.0
7ff84a0ba000-7ff84a0bb000 rw-p 00005000 08:01 10490817                   /usr/lib/x86_64-linux-gnu/libXxf86vm.so.1.0.0
7ff84a0bb000-7ff84a1f7000 r-xp 00000000 08:01 10490755                   /usr/lib/x86_64-linux-gnu/libX11.so.6.3.0
7ff84a1f7000-7ff84a3f6000 ---p 0013c000 08:01 10490755                   /usr/lib/x86_64-linux-gnu/libX11.so.6.3.0
7ff84a3f6000-7ff84a3f8000 r--p 0013b000 08:01 10490755                   /usr/lib/x86_64-linux-gnu/libX11.so.6.3.0
7ff84a3f8000-7ff84a3fd000 rw-p 0013d000 08:01 10490755                   /usr/lib/x86_64-linux-gnu/libX11.so.6.3.0
7ff84a3fd000-7ff84a3fe000 rw-p 00000000 00:00 0 
7ff84a3fe000-7ff84a403000 r-xp 00000000 08:01 10490807                   /usr/lib/x86_64-linux-gnu/libXtst.so.6.1.0
7ff84a403000-7ff84a602000 ---p 00005000 08:01 10490807                   /usr/lib/x86_64-linux-gnu/libXtst.so.6.1.0
7ff84a602000-7ff84a603000 r--p 00004000 08:01 10490807                   /usr/lib/x86_64-linux-gnu/libXtst.so.6.1.0
7ff84a603000-7ff84a604000 rw-p 00005000 08:01 10490807                   /usr/lib/x86_64-linux-gnu/libXtst.so.6.1.0
7ff84a604000-7ff84a713000 r-xp 00000000 08:01 6686237                    /lib/x86_64-linux-gnu/libglib-2.0.so.0.4800.1
7ff84a713000-7ff84a912000 ---p 0010f000 08:01 6686237                    /lib/x86_64-linux-gnu/libglib-2.0.so.0.4800.1
7ff84a912000-7ff84a913000 r--p 0010e000 08:01 6686237                    /lib/x86_64-linux-gnu/libglib-2.0.so.0.4800.1
7ff84a913000-7ff84a914000 rw-p 0010f000 08:01 6686237                    /lib/x86_64-linux-gnu/libglib-2.0.so.0.4800.1
7ff84a914000-7ff84a915000 rw-p 00000000 00:00 0 
7ff84a915000-7ff84a916000 r-xp 00000000 08:01 10487112                   /usr/lib/x86_64-linux-gnu/libgthread-2.0.so.0.4800.1
7ff84a916000-7ff84ab15000 ---p 00001000 08:01 10487112                   /usr/lib/x86_64-linux-gnu/libgthread-2.0.so.0.4800.1
7ff84ab15000-7ff84ab16000 r--p 00000000 08:01 10487112                   /usr/lib/x86_64-linux-gnu/libgthread-2.0.so.0.4800.1
7ff84ab16000-7ff84ab17000 rw-p 00001000 08:01 10487112                   /usr/lib/x86_64-linux-gnu/libgthread-2.0.so.0.4800.1
7ff84ab17000-7ff84ab1a000 r-xp 00000000 08:01 10487110                   /usr/lib/x86_64-linux-gnu/libgmodule-2.0.so.0.4800.1
7ff84ab1a000-7ff84ad19000 ---p 00003000 08:01 10487110                   /usr/lib/x86_64-linux-gnu/libgmodule-2.0.so.0.4800.1
7ff84ad19000-7ff84ad1a000 r--p 00002000 08:01 10487110                   /usr/lib/x86_64-linux-gnu/libgmodule-2.0.so.0.4800.1
7ff84ad1a000-7ff84ad1b000 rw-p 00003000 08:01 10487110                   /usr/lib/x86_64-linux-gnu/libgmodule-2.0.so.0.4800.1
7ff84ad1b000-7ff84ad6d000 r-xp 00000000 08:01 10487111                   /usr/lib/x86_64-linux-gnu/libgobject-2.0.so.0.4800.1
7ff84ad6d000-7ff84af6c000 ---p 00052000 08:01 10487111                   /usr/lib/x86_64-linux-gnu/libgobject-2.0.so.0.4800.1
7ff84af6c000-7ff84af6d000 r--p 00051000 08:01 10487111                   /usr/lib/x86_64-linux-gnu/libgobject-2.0.so.0.4800.1
7ff84af6d000-7ff84af6e000 rw-p 00052000 08:01 10487111                   /usr/lib/x86_64-linux-gnu/libgobject-2.0.so.0.4800.1
7ff84af6e000-7ff84afaa000 r-xp 00000000 08:01 10487125                   /usr/lib/x86_64-linux-gnu/libfontconfig.so.1.8.0
7ff84afaa000-7ff84b1a9000 ---p 0003c000 08:01 10487125                   /usr/lib/x86_64-linux-gnu/libfontconfig.so.1.8.0
7ff84b1a9000-7ff84b1ab000 r--p 0003b000 08:01 10487125                   /usr/lib/x86_64-linux-gnu/libfontconfig.so.1.8.0
7ff84b1ab000-7ff84b1ac000 rw-p 0003d000 08:01 10487125                   /usr/lib/x86_64-linux-gnu/libfontconfig.so.1.8.0
7ff84b1ac000-7ff84b254000 r-xp 00000000 08:01 10487123                   /usr/lib/x86_64-linux-gnu/libfreetype.so.6.12.3
7ff84b254000-7ff84b454000 ---p 000a8000 08:01 10487123                   /usr/lib/x86_64-linux-gnu/libfreetype.so.6.12.3
7ff84b454000-7ff84b45a000 r--p 000a8000 08:01 10487123                   /usr/lib/x86_64-linux-gnu/libfreetype.so.6.12.3
7ff84b45a000-7ff84b45b000 rw-p 000ae000 08:01 10487123                   /usr/lib/x86_64-linux-gnu/libfreetype.so.6.12.3
7ff84b45b000-7ff84b4a4000 r-xp 00000000 08:01 10488753                   /usr/lib/x86_64-linux-gnu/libpango-1.0.so.0.4000.1
7ff84b4a4000-7ff84b6a4000 ---p 00049000 08:01 10488753                   /usr/lib/x86_64-linux-gnu/libpango-1.0.so.0.4000.1
7ff84b6a4000-7ff84b6a6000 r--p 00049000 08:01 10488753                   /usr/lib/x86_64-linux-gnu/libpango-1.0.so.0.4000.1
7ff84b6a6000-7ff84b6a7000 rw-p 0004b000 08:01 10488753                   /usr/lib/x86_64-linux-gnu/libpango-1.0.so.0.4000.1
7ff84b6a7000-7ff84b7b5000 r-xp 00000000 08:01 10488529                   /usr/lib/x86_64-linux-gnu/libcairo.so.2.11400.6
7ff84b7b5000-7ff84b9b5000 ---p 0010e000 08:01 10488529                   /usr/lib/x86_64-linux-gnu/libcairo.so.2.11400.6
7ff84b9b5000-7ff84b9b8000 r--p 0010e000 08:01 10488529                   /usr/lib/x86_64-linux-gnu/libcairo.so.2.11400.6
7ff84b9b8000-7ff84b9b9000 rw-p 00111000 08:01 10488529                   /usr/lib/x86_64-linux-gnu/libcairo.so.2.11400.6
7ff84b9b9000-7ff84b9bb000 rw-p 00000000 00:00 0 
7ff84b9bb000-7ff84b9c7000 r-xp 00000000 08:01 10488757                   /usr/lib/x86_64-linux-gnu/libpangocairo-1.0.so.0.4000.1
7ff84b9c7000-7ff84bbc6000 ---p 0000c000 08:01 10488757                   /usr/lib/x86_64-linux-gnu/libpangocairo-1.0.so.0.4000.1
7ff84bbc6000-7ff84bbc7000 r--p 0000b000 08:01 10488757                   /usr/lib/x86_64-linux-gnu/libpangocairo-1.0.so.0.4000.1
7ff84bbc7000-7ff84bbc8000 rw-p 0000c000 08:01 10488757                   /usr/lib/x86_64-linux-gnu/libpangocairo-1.0.so.0.4000.1
7ff84bbc8000-7ff84bbe9000 r-xp 00000000 08:01 10488727                   /usr/lib/x86_64-linux-gnu/libgdk_pixbuf-2.0.so.0.3400.0
7ff84bbe9000-7ff84bde8000 ---p 00021000 08:01 10488727                   /usr/lib/x86_64-linux-gnu/libgdk_pixbuf-2.0.so.0.3400.0
7ff84bde8000-7ff84bde9000 r--p 00020000 08:01 10488727                   /usr/lib/x86_64-linux-gnu/libgdk_pixbuf-2.0.so.0.3400.0
7ff84bde9000-7ff84bdea000 rw-p 00021000 08:01 10488727                   /usr/lib/x86_64-linux-gnu/libgdk_pixbuf-2.0.so.0.3400.0
7ff84bdea000-7ff84bdfe000 r-xp 00000000 08:01 10488767                   /usr/lib/x86_64-linux-gnu/libpangoft2-1.0.so.0.4000.1
7ff84bdfe000-7ff84bffe000 ---p 00014000 08:01 10488767                   /usr/lib/x86_64-linux-gnu/libpangoft2-1.0.so.0.4000.1
7ff84bffe000-7ff84bfff000 r--p 00014000 08:01 10488767                   /usr/lib/x86_64-linux-gnu/libpangoft2-1.0.so.0.4000.1
7ff84bfff000-7ff84c000000 rw-p 00015000 08:01 10488767                   /usr/lib/x86_64-linux-gnu/libpangoft2-1.0.so.0.4000.1
7ff84c000000-7ff84c021000 rw-p 00000000 00:00 0 
7ff84c021000-7ff850000000 ---p 00000000 00:00 0 
7ff850000000-7ff850021000 rw-p 00000000 00:00 0 
7ff850021000-7ff854000000 ---p 00000000 00:00 0 
7ff854000000-7ff855b9b000 rw-p 00000000 00:00 0 
7ff855b9b000-7ff858000000 ---p 00000000 00:00 0 
7ff858000000-7ff858e5b000 rw-p 00000000 00:00 0 
7ff858e5b000-7ff85c000000 ---p 00000000 00:00 0 
7ff85c000000-7ff85c021000 rw-p 00000000 00:00 0 
7ff85c021000-7ff860000000 ---p 00000000 00:00 0 
7ff860000000-7ff86149b000 rw-p 00000000 00:00 0 
7ff86149b000-7ff864000000 ---p 00000000 00:00 0 
7ff864000000-7ff864021000 rw-p 00000000 00:00 0 
7ff864021000-7ff868000000 ---p 00000000 00:00 0 
7ff868000000-7ff868021000 rw-p 00000000 00:00 0 
7ff868021000-7ff86c000000 ---p 00000000 00:00 0 
7ff86c000000-7ff86c021000 rw-p 00000000 00:00 0 
7ff86c021000-7ff870000000 ---p 00000000 00:00 0 
7ff870000000-7ff870021000 rw-p 00000000 00:00 0 
7ff870021000-7ff874000000 ---p 00000000 00:00 0 
7ff874000000-7ff874002000 r--s 00000000 08:01 4080681                    /var/cache/fontconfig/67709b7835c0f764c1135060c9575660-le64.cache-4
7ff874002000-7ff87400d000 r--s 00000000 08:01 4080677                    /var/cache/fontconfig/83bf95040141907cd45bb53cf7c1c148-le64.cache-4
7ff87400d000-7ff87400f000 r--s 00000000 08:01 4080676                    /var/cache/fontconfig/6e6b34ae150a7ad95e82fb4a522f0bda-le64.cache-4
7ff87400f000-7ff874010000 r--s 00000000 08:01 4080675                    /var/cache/fontconfig/3334a778d104e76d188e9df399bc24d2-le64.cache-4
7ff874010000-7ff874017000 r--s 00000000 08:01 4080674                    /var/cache/fontconfig/53d14c92082a93e67d5078324eb314ca-le64.cache-4
7ff874017000-7ff87401b000 r--s 00000000 08:01 4080673                    /var/cache/fontconfig/6c08beecf0dac481ec92e759e0c2e6d7-le64.cache-4
7ff87401b000-7ff87401f000 r--s 00000000 08:01 4080672                    /var/cache/fontconfig/4d6aee6d44eccb37054d3216e945f618-le64.cache-4
7ff87401f000-7ff874023000 r--s 00000000 08:01 4080671                    /var/cache/fontconfig/d6c6df98c3df5faf9bd0f8ef4d91efe5-le64.cache-4
7ff874023000-7ff874027000 r--s 00000000 08:01 4080670                    /var/cache/fontconfig/9fb319ef52839f11ee26ab8b4cffa12b-le64.cache-4
7ff874027000-7ff874029000 r--s 00000000 08:01 4080669                    /var/cache/fontconfig/43bfe21a9e1edebcf703d79ee2950b06-le64.cache-4
7ff874029000-7ff87403c000 r--s 00000000 08:01 4080668                    /var/cache/fontconfig/4ac51e5cfbc76fc3f983e470323a16d3-le64.cache-4
7ff87403c000-7ff87403f000 r--s 00000000 08:01 4080667                    /var/cache/fontconfig/c19b55eb3b4c5b40ea175e31682068a5-le64.cache-4
7ff87403f000-7ff87405d000 r--s 00000000 08:01 4080090                    /var/cache/fontconfig/e13b20fdb08344e0e664864cc2ede53d-le64.cache-4
7ff87405d000-7ff87407b000 r--s 00000000 08:01 4065568                    /var/cache/fontconfig/467c019e582ee353435ea5c21d137ef6-le64.cache-4
7ff87407b000-7ff8740a8000 r--p 00000000 08:01 13116870                   /usr/share/locale/de/LC_MESSAGES/gtk20-properties.mo
7ff8740a8000-7ff874228000 r-xp 00000000 08:01 10487109                   /usr/lib/x86_64-linux-gnu/libgio-2.0.so.0.4800.1
7ff874228000-7ff874428000 ---p 00180000 08:01 10487109                   /usr/lib/x86_64-linux-gnu/libgio-2.0.so.0.4800.1
7ff874428000-7ff87442c000 r--p 00180000 08:01 10487109                   /usr/lib/x86_64-linux-gnu/libgio-2.0.so.0.4800.1
7ff87442c000-7ff87442e000 rw-p 00184000 08:01 10487109                   /usr/lib/x86_64-linux-gnu/libgio-2.0.so.0.4800.1
7ff87442e000-7ff878000000 rw-p 00000000 00:00 0 
7ff878000000-7ff878021000 rw-p 00000000 00:00 0 
7ff878021000-7ff87c000000 ---p 00000000 00:00 0 
7ff87c000000-7ff87c021000 rw-p 00000000 00:00 0 
7ff87c021000-7ff880000000 ---p 00000000 00:00 0 
7ff880000000-7ff880021000 rw-p 00000000 00:00 0 
7ff880021000-7ff884000000 ---p 00000000 00:00 0 
7ff884000000-7ff884001000 r--s 00000000 08:01 4071829                    /var/cache/fontconfig/c277e94e32b20404286a1ddafa5a80f0-le64.cache-4
7ff884001000-7ff88400e000 r--s 00000000 08:01 4071987                    /var/cache/fontconfig/8f02d4cb045bd6ce15663e43f347c9f8-le64.cache-4
7ff88400e000-7ff884016000 rw-s 00000000 00:05 126133                     /drm mm object (deleted)
7ff884016000-7ff88403c000 r--p 00000000 08:01 13112447                   /usr/share/locale/de/LC_MESSAGES/libc.mo
7ff88403c000-7ff88405f000 r-xp 00000000 08:01 10487118                   /usr/lib/x86_64-linux-gnu/libatk-1.0.so.0.22009.1
7ff88405f000-7ff88425e000 ---p 00023000 08:01 10487118                   /usr/lib/x86_64-linux-gnu/libatk-1.0.so.0.22009.1
7ff88425e000-7ff884261000 r--p 00022000 08:01 10487118                   /usr/lib/x86_64-linux-gnu/libatk-1.0.so.0.22009.1
7ff884261000-7ff884262000 rw-p 00025000 08:01 10487118                   /usr/lib/x86_64-linux-gnu/libatk-1.0.so.0.22009.1
7ff884262000-7ff884312000 r-xp 00000000 08:01 10486430                   /usr/lib/x86_64-linux-gnu/libgdk-x11-2.0.so.0.2400.30
7ff884312000-7ff884511000 ---p 000b0000 08:01 10486430                   /usr/lib/x86_64-linux-gnu/libgdk-x11-2.0.so.0.2400.30
7ff884511000-7ff884515000 r--p 000af000 08:01 10486430                   /usr/lib/x86_64-linux-gnu/libgdk-x11-2.0.so.0.2400.30
7ff884515000-7ff884517000 rw-p 000b3000 08:01 10486430                   /usr/lib/x86_64-linux-gnu/libgdk-x11-2.0.so.0.2400.30
7ff884517000-7ff884954000 r-xp 00000000 08:01 10486431                   /usr/lib/x86_64-linux-gnu/libgtk-x11-2.0.so.0.2400.30
7ff884954000-7ff884b54000 ---p 0043d000 08:01 10486431                   /usr/lib/x86_64-linux-gnu/libgtk-x11-2.0.so.0.2400.30
7ff884b54000-7ff884b5b000 r--p 0043d000 08:01 10486431                   /usr/lib/x86_64-linux-gnu/libgtk-x11-2.0.so.0.2400.30
7ff884b5b000-7ff884b5f000 rw-p 00444000 08:01 10486431                   /usr/lib/x86_64-linux-gnu/libgtk-x11-2.0.so.0.2400.30
7ff884b5f000-7ff884b62000 rw-p 00000000 00:00 0 
7ff884b62000-7ff884b67000 r--s 00000000 08:01 4080665                    /var/cache/fontconfig/3629f2adf904f9a612908891fae71ceb-le64.cache-4
7ff884b67000-7ff884b6f000 rw-s 00000000 00:05 126123                     /drm mm object (deleted)
7ff884b6f000-7ff884b7e000 r--p 00000000 08:01 13117049                   /usr/share/locale/de/LC_MESSAGES/gtk20.mo
7ff884b7e000-7ff884b86000 rw-s 00000000 00:05 124596                     /drm mm object (deleted)
7ff884b86000-7ff884b92000 r-xp 00000000 08:01 7473343                    /home/thais/jdk1.8.0_91/jre/lib/amd64/libprism_es2.so
7ff884b92000-7ff884d91000 ---p 0000c000 08:01 7473343                    /home/thais/jdk1.8.0_91/jre/lib/amd64/libprism_es2.so
7ff884d91000-7ff884d92000 rw-p 0000b000 08:01 7473343                    /home/thais/jdk1.8.0_91/jre/lib/amd64/libprism_es2.so
7ff884d92000-7ff884d95000 ---p 00000000 00:00 0 
7ff884d95000-7ff884e93000 rw-p 00000000 00:00 0 
7ff884e93000-7ff884f28000 r--s 01103000 08:01 7473107                    /home/thais/jdk1.8.0_91/jre/lib/ext/jfxrt.jar
7ff884f28000-7ff884f29000 ---p 00000000 00:00 0 
7ff884f29000-7ff885029000 rw-p 00000000 00:00 0 
7ff885029000-7ff88502c000 ---p 00000000 00:00 0 
7ff88502c000-7ff88512a000 rw-p 00000000 00:00 0 
7ff88512a000-7ff88512d000 ---p 00000000 00:00 0 
7ff88512d000-7ff88522b000 rw-p 00000000 00:00 0 
7ff88522b000-7ff88522e000 ---p 00000000 00:00 0 
7ff88522e000-7ff88532c000 rw-p 00000000 00:00 0 
7ff88532c000-7ff88532f000 ---p 00000000 00:00 0 
7ff88532f000-7ff88542d000 rw-p 00000000 00:00 0 
7ff88542d000-7ff885430000 ---p 00000000 00:00 0 
7ff885430000-7ff88552e000 rw-p 00000000 00:00 0 
7ff88552e000-7ff88565e000 r--p 00000000 08:01 10630596                   /usr/lib/locale/lb_LU/LC_COLLATE
7ff88565e000-7ff885661000 ---p 00000000 00:00 0 
7ff885661000-7ff88575f000 rw-p 00000000 00:00 0 
7ff88575f000-7ff885762000 ---p 00000000 00:00 0 
7ff885762000-7ff885860000 rw-p 00000000 00:00 0 
7ff885860000-7ff885861000 ---p 00000000 00:00 0 
7ff885861000-7ff886870000 rw-p 00000000 00:00 0 
7ff886870000-7ff886a49000 r--s 03d1f000 08:01 7344396                    /home/thais/jdk1.8.0_91/jre/lib/rt.jar
7ff886a49000-7ff88767c000 rw-p 00000000 00:00 0 
7ff88767c000-7ff88767d000 ---p 00000000 00:00 0 
7ff88767d000-7ff88777d000 rw-p 00000000 00:00 0 
7ff88777d000-7ff88777e000 ---p 00000000 00:00 0 
7ff88777e000-7ff88787e000 rw-p 00000000 00:00 0 
7ff88787e000-7ff88787f000 ---p 00000000 00:00 0 
7ff88787f000-7ff8879a7000 rw-p 00000000 00:00 0 
7ff8879a7000-7ff887bfd000 ---p 00000000 00:00 0 
7ff887bfd000-7ff887c25000 rw-p 00000000 00:00 0 
7ff887c25000-7ff887e7b000 ---p 00000000 00:00 0 
7ff887e7b000-7ff887e8f000 rw-p 00000000 00:00 0 
7ff887e8f000-7ff887fba000 ---p 00000000 00:00 0 
7ff887fba000-7ff887fe2000 rw-p 00000000 00:00 0 
7ff887fe2000-7ff88837b000 ---p 00000000 00:00 0 
7ff88837b000-7ff888d0b000 rwxp 00000000 00:00 0 
7ff888d0b000-7ff89737b000 ---p 00000000 00:00 0 
7ff89737b000-7ff897395000 r-xp 00000000 08:01 7473335                    /home/thais/jdk1.8.0_91/jre/lib/amd64/libzip.so
7ff897395000-7ff897595000 ---p 0001a000 08:01 7473335                    /home/thais/jdk1.8.0_91/jre/lib/amd64/libzip.so
7ff897595000-7ff897596000 rw-p 0001a000 08:01 7473335                    /home/thais/jdk1.8.0_91/jre/lib/amd64/libzip.so
7ff897596000-7ff8975a1000 r-xp 00000000 08:01 6691114                    /lib/x86_64-linux-gnu/libnss_files-2.22.so
7ff8975a1000-7ff8977a0000 ---p 0000b000 08:01 6691114                    /lib/x86_64-linux-gnu/libnss_files-2.22.so
7ff8977a0000-7ff8977a1000 r--p 0000a000 08:01 6691114                    /lib/x86_64-linux-gnu/libnss_files-2.22.so
7ff8977a1000-7ff8977a2000 rw-p 0000b000 08:01 6691114                    /lib/x86_64-linux-gnu/libnss_files-2.22.so
7ff8977a2000-7ff8977a8000 rw-p 00000000 00:00 0 
7ff8977a8000-7ff8977b2000 r-xp 00000000 08:01 6691116                    /lib/x86_64-linux-gnu/libnss_nis-2.22.so
7ff8977b2000-7ff8979b2000 ---p 0000a000 08:01 6691116                    /lib/x86_64-linux-gnu/libnss_nis-2.22.so
7ff8979b2000-7ff8979b3000 r--p 0000a000 08:01 6691116                    /lib/x86_64-linux-gnu/libnss_nis-2.22.so
7ff8979b3000-7ff8979b4000 rw-p 0000b000 08:01 6691116                    /lib/x86_64-linux-gnu/libnss_nis-2.22.so
7ff8979b4000-7ff8979c9000 r-xp 00000000 08:01 6691111                    /lib/x86_64-linux-gnu/libnsl-2.22.so
7ff8979c9000-7ff897bc8000 ---p 00015000 08:01 6691111                    /lib/x86_64-linux-gnu/libnsl-2.22.so
7ff897bc8000-7ff897bc9000 r--p 00014000 08:01 6691111                    /lib/x86_64-linux-gnu/libnsl-2.22.so
7ff897bc9000-7ff897bca000 rw-p 00015000 08:01 6691111                    /lib/x86_64-linux-gnu/libnsl-2.22.so
7ff897bca000-7ff897bcc000 rw-p 00000000 00:00 0 
7ff897bcc000-7ff897bd3000 r-xp 00000000 08:01 6691112                    /lib/x86_64-linux-gnu/libnss_compat-2.22.so
7ff897bd3000-7ff897dd2000 ---p 00007000 08:01 6691112                    /lib/x86_64-linux-gnu/libnss_compat-2.22.so
7ff897dd2000-7ff897dd3000 r--p 00006000 08:01 6691112                    /lib/x86_64-linux-gnu/libnss_compat-2.22.so
7ff897dd3000-7ff897dd4000 rw-p 00007000 08:01 6691112                    /lib/x86_64-linux-gnu/libnss_compat-2.22.so
7ff897dd4000-7ff897dfe000 r-xp 00000000 08:01 7473330                    /home/thais/jdk1.8.0_91/jre/lib/amd64/libjava.so
7ff897dfe000-7ff897ffe000 ---p 0002a000 08:01 7473330                    /home/thais/jdk1.8.0_91/jre/lib/amd64/libjava.so
7ff897ffe000-7ff898000000 rw-p 0002a000 08:01 7473330                    /home/thais/jdk1.8.0_91/jre/lib/amd64/libjava.so
7ff898000000-7ff898510000 rw-p 00000000 00:00 0 
7ff898510000-7ff89c000000 ---p 00000000 00:00 0 
7ff89c000000-7ff89c003000 r--s 00000000 08:01 4080664                    /var/cache/fontconfig/de83a0a961185c8bd1f159015d56c039-le64.cache-4
7ff89c003000-7ff89c021000 r-xp 00000000 08:01 6686992                    /lib/x86_64-linux-gnu/libudev.so.1.6.4
7ff89c021000-7ff89c022000 r--p 0001d000 08:01 6686992                    /lib/x86_64-linux-gnu/libudev.so.1.6.4
7ff89c022000-7ff89c023000 rw-p 0001e000 08:01 6686992                    /lib/x86_64-linux-gnu/libudev.so.1.6.4
7ff89c023000-7ff89c067000 r--p 00000000 08:01 10631584                   /usr/lib/locale/wae_CH/LC_CTYPE
7ff89c067000-7ff89c068000 ---p 00000000 00:00 0 
7ff89c068000-7ff89c168000 rw-p 00000000 00:00 0 
7ff89c168000-7ff89c175000 r-xp 00000000 08:01 7473334                    /home/thais/jdk1.8.0_91/jre/lib/amd64/libverify.so
7ff89c175000-7ff89c375000 ---p 0000d000 08:01 7473334                    /home/thais/jdk1.8.0_91/jre/lib/amd64/libverify.so
7ff89c375000-7ff89c377000 rw-p 0000d000 08:01 7473334                    /home/thais/jdk1.8.0_91/jre/lib/amd64/libverify.so
7ff89c377000-7ff89c37e000 r-xp 00000000 08:01 6691121                    /lib/x86_64-linux-gnu/librt-2.22.so
7ff89c37e000-7ff89c57d000 ---p 00007000 08:01 6691121                    /lib/x86_64-linux-gnu/librt-2.22.so
7ff89c57d000-7ff89c57e000 r--p 00006000 08:01 6691121                    /lib/x86_64-linux-gnu/librt-2.22.so
7ff89c57e000-7ff89c57f000 rw-p 00007000 08:01 6691121                    /lib/x86_64-linux-gnu/librt-2.22.so
7ff89c57f000-7ff89c67c000 r-xp 00000000 08:01 6691108                    /lib/x86_64-linux-gnu/libm-2.22.so
7ff89c67c000-7ff89c87b000 ---p 000fd000 08:01 6691108                    /lib/x86_64-linux-gnu/libm-2.22.so
7ff89c87b000-7ff89c87c000 r--p 000fc000 08:01 6691108                    /lib/x86_64-linux-gnu/libm-2.22.so
7ff89c87c000-7ff89c87d000 rw-p 000fd000 08:01 6691108                    /lib/x86_64-linux-gnu/libm-2.22.so
7ff89c87d000-7ff89d53d000 r-xp 00000000 08:01 7473313                    /home/thais/jdk1.8.0_91/jre/lib/amd64/server/libjvm.so
7ff89d53d000-7ff89d73d000 ---p 00cc0000 08:01 7473313                    /home/thais/jdk1.8.0_91/jre/lib/amd64/server/libjvm.so
7ff89d73d000-7ff89d815000 rw-p 00cc0000 08:01 7473313                    /home/thais/jdk1.8.0_91/jre/lib/amd64/server/libjvm.so
7ff89d815000-7ff89d860000 rw-p 00000000 00:00 0 
7ff89d860000-7ff89d9fb000 r-xp 00000000 08:01 6691104                    /lib/x86_64-linux-gnu/libc-2.22.so
7ff89d9fb000-7ff89dbfa000 ---p 0019b000 08:01 6691104                    /lib/x86_64-linux-gnu/libc-2.22.so
7ff89dbfa000-7ff89dbfe000 r--p 0019a000 08:01 6691104                    /lib/x86_64-linux-gnu/libc-2.22.so
7ff89dbfe000-7ff89dc00000 rw-p 0019e000 08:01 6691104                    /lib/x86_64-linux-gnu/libc-2.22.so
7ff89dc00000-7ff89dc04000 rw-p 00000000 00:00 0 
7ff89dc04000-7ff89dc06000 r-xp 00000000 08:01 6691107                    /lib/x86_64-linux-gnu/libdl-2.22.so
7ff89dc06000-7ff89de06000 ---p 00002000 08:01 6691107                    /lib/x86_64-linux-gnu/libdl-2.22.so
7ff89de06000-7ff89de07000 r--p 00002000 08:01 6691107                    /lib/x86_64-linux-gnu/libdl-2.22.so
7ff89de07000-7ff89de08000 rw-p 00003000 08:01 6691107                    /lib/x86_64-linux-gnu/libdl-2.22.so
7ff89de08000-7ff89de1d000 r-xp 00000000 08:01 7344309                    /home/thais/jdk1.8.0_91/lib/amd64/jli/libjli.so
7ff89de1d000-7ff89e01d000 ---p 00015000 08:01 7344309                    /home/thais/jdk1.8.0_91/lib/amd64/jli/libjli.so
7ff89e01d000-7ff89e01e000 rw-p 00015000 08:01 7344309                    /home/thais/jdk1.8.0_91/lib/amd64/jli/libjli.so
7ff89e01e000-7ff89e036000 r-xp 00000000 08:01 6691119                    /lib/x86_64-linux-gnu/libpthread-2.22.so
7ff89e036000-7ff89e235000 ---p 00018000 08:01 6691119                    /lib/x86_64-linux-gnu/libpthread-2.22.so
7ff89e235000-7ff89e236000 r--p 00017000 08:01 6691119                    /lib/x86_64-linux-gnu/libpthread-2.22.so
7ff89e236000-7ff89e237000 rw-p 00018000 08:01 6691119                    /lib/x86_64-linux-gnu/libpthread-2.22.so
7ff89e237000-7ff89e23b000 rw-p 00000000 00:00 0 
7ff89e23b000-7ff89e25d000 r-xp 00000000 08:01 6691100                    /lib/x86_64-linux-gnu/ld-2.22.so
7ff89e25d000-7ff89e261000 r--s 00000000 08:01 4065537                    /var/cache/fontconfig/7ef2298fde41cc6eeb7af42e48b7d293-le64.cache-4
7ff89e261000-7ff89e331000 rw-p 00000000 00:00 0 
7ff89e331000-7ff89e334000 ---p 00000000 00:00 0 
7ff89e334000-7ff89e436000 rw-p 00000000 00:00 0 
7ff89e436000-7ff89e438000 r--s 00000000 08:01 4073012                    /var/cache/fontconfig/62f91419b9ebdb6975e7e41ab6412357-le64.cache-4
7ff89e438000-7ff89e43b000 r--s 00000000 08:01 4071988                    /var/cache/fontconfig/16326683038b281783a0ef8c680e3a10-le64.cache-4
7ff89e43b000-7ff89e43c000 r--s 00000000 08:01 4071986                    /var/cache/fontconfig/e0aa53bcfa504e64f87823c16bc01eb6-le64.cache-4
7ff89e43c000-7ff89e43d000 rw-s 1050d8000 00:06 14645                     /dev/dri/card0
7ff89e43d000-7ff89e43f000 r--s 0001f000 08:01 8392438                    /home/thais/Projekte/Uni/Minesweeper-Klon/dist/run1312958118/Minesweeper.jar
7ff89e43f000-7ff89e440000 r--p 00000000 08:01 10631568                   /usr/lib/locale/wa_BE.utf8/LC_NUMERIC
7ff89e440000-7ff89e441000 r--p 00000000 08:01 10495270                   /usr/lib/locale/de_DE.utf8/LC_TIME
7ff89e441000-7ff89e442000 r--p 00000000 08:01 10631566                   /usr/lib/locale/wa_BE.utf8/LC_MONETARY
7ff89e442000-7ff89e443000 r--p 00000000 08:01 10631303                   /usr/lib/locale/sv_SE.utf8/LC_MESSAGES/SYS_LC_MESSAGES
7ff89e443000-7ff89e444000 r--p 00000000 08:01 10752915                   /usr/lib/locale/zu_ZA.utf8/LC_PAPER
7ff89e444000-7ff89e445000 r--p 00000000 08:01 10630816                   /usr/lib/locale/nds_DE/LC_NAME
7ff89e445000-7ff89e446000 r--p 00000000 08:01 10495266                   /usr/lib/locale/de_DE.utf8/LC_ADDRESS
7ff89e446000-7ff89e447000 r--p 00000000 08:01 10630817                   /usr/lib/locale/nds_DE/LC_TELEPHONE
7ff89e447000-7ff89e448000 r--p 00000000 08:01 10752910                   /usr/lib/locale/zu_ZA.utf8/LC_MEASUREMENT
7ff89e448000-7ff89e44f000 r--s 00000000 08:01 11279631                   /usr/lib/x86_64-linux-gnu/gconv/gconv-modules.cache
7ff89e44f000-7ff89e450000 r--p 00000000 08:01 10495268                   /usr/lib/locale/de_DE.utf8/LC_IDENTIFICATION
7ff89e450000-7ff89e458000 rw-s 00000000 08:01 6947486                    /tmp/hsperfdata_thais/8218
7ff89e458000-7ff89e459000 rw-p 00000000 00:00 0 
7ff89e459000-7ff89e45a000 r--p 00000000 00:00 0 
7ff89e45a000-7ff89e45c000 rw-p 00000000 00:00 0 
7ff89e45c000-7ff89e45d000 r--p 00021000 08:01 6691100                    /lib/x86_64-linux-gnu/ld-2.22.so
7ff89e45d000-7ff89e45e000 rw-p 00022000 08:01 6691100                    /lib/x86_64-linux-gnu/ld-2.22.so
7ff89e45e000-7ff89e45f000 rw-p 00000000 00:00 0 
7ffc1217a000-7ffc1219b000 rw-p 00000000 00:00 0                          [stack]
7ffc121c7000-7ffc121ca000 r--p 00000000 00:00 0                          [vvar]
7ffc121ca000-7ffc121cc000 r-xp 00000000 00:00 0                          [vdso]
ffffffffff600000-ffffffffff601000 r-xp 00000000 00:00 0                  [vsyscall]

VM Arguments:
jvm_args: -Dfile.encoding=UTF-8 
java_command: /home/thais/Projekte/Uni/Minesweeper-Klon/dist/run1312958118/Minesweeper.jar
java_class_path (initial): /home/thais/Projekte/Uni/Minesweeper-Klon/dist/run1312958118/Minesweeper.jar
Launcher Type: SUN_STANDARD

Environment Variables:
PATH=/usr/local/bin:/usr/bin:/bin:/usr/local/games:/usr/games
USERNAME=thais
LD_LIBRARY_PATH=/usr/lib/jvm/java-8-openjdk-amd64/jre/lib/amd64:/usr/lib/jvm/java-8-openjdk-amd64/jre/lib/i386:
SHELL=/bin/bash
DISPLAY=:0

Signal Handlers:
SIGSEGV: [libjvm.so+0xabca10], sa_mask[0]=11111111011111111101111111111110, sa_flags=SA_RESTART|SA_SIGINFO
SIGBUS: [libjvm.so+0xabca10], sa_mask[0]=11111111011111111101111111111110, sa_flags=SA_RESTART|SA_SIGINFO
SIGFPE: [libjvm.so+0x919a20], sa_mask[0]=11111111011111111101111111111110, sa_flags=SA_RESTART|SA_SIGINFO
SIGPIPE: SIG_IGN, sa_mask[0]=00000000000010000000000000000000, sa_flags=SA_RESTART
SIGXFSZ: [libjvm.so+0x919a20], sa_mask[0]=11111111011111111101111111111110, sa_flags=SA_RESTART|SA_SIGINFO
SIGILL: [libjvm.so+0x919a20], sa_mask[0]=11111111011111111101111111111110, sa_flags=SA_RESTART|SA_SIGINFO
SIGUSR1: SIG_DFL, sa_mask[0]=00000000000000000000000000000000, sa_flags=none
SIGUSR2: [libjvm.so+0x91b050], sa_mask[0]=00100000000000000000000000000000, sa_flags=SA_RESTART|SA_SIGINFO
SIGHUP: [libjvm.so+0x91c450], sa_mask[0]=11111111011111111101111111111110, sa_flags=SA_RESTART|SA_SIGINFO
SIGINT: SIG_IGN, sa_mask[0]=00000000000000000000000000000000, sa_flags=none
SIGTERM: [libjvm.so+0x91c450], sa_mask[0]=11111111011111111101111111111110, sa_flags=SA_RESTART|SA_SIGINFO
SIGQUIT: [libjvm.so+0x91c450], sa_mask[0]=11111111011111111101111111111110, sa_flags=SA_RESTART|SA_SIGINFO


---------------  S Y S T E M  ---------------

OS:DISTRIB_ID=Kali
DISTRIB_RELEASE=kali-rolling
DISTRIB_CODENAME=kali-rolling
DISTRIB_DESCRIPTION="Kali GNU/Linux Rolling"

uname:Linux 4.5.0-kali1-amd64 #1 SMP Debian 4.5.5-1kali1 (2016-06-06) x86_64
libc:glibc 2.22 NPTL 2.22 
rlimit: STACK 8192k, CORE 0k, NPROC 30516, NOFILE 65536, AS infinity
load average:0,83 0,77 0,61

/proc/meminfo:
MemTotal:        7839192 kB
MemFree:         3563124 kB
MemAvailable:    4646800 kB
Buffers:          126948 kB
Cached:          1645948 kB
SwapCached:            0 kB
Active:          2967488 kB
Inactive:        1087972 kB
Active(anon):    2284468 kB
Inactive(anon):   506108 kB
Active(file):     683020 kB
Inactive(file):   581864 kB
Unevictable:          16 kB
Mlocked:              16 kB
SwapTotal:      10157052 kB
SwapFree:       10157052 kB
Dirty:              1252 kB
Writeback:             0 kB
AnonPages:       2282408 kB
Mapped:           552484 kB
Shmem:            508016 kB
Slab:             121956 kB
SReclaimable:      82260 kB
SUnreclaim:        39696 kB
KernelStack:        9408 kB
PageTables:        37372 kB
NFS_Unstable:          0 kB
Bounce:                0 kB
WritebackTmp:          0 kB
CommitLimit:    14076648 kB
Committed_AS:    9728364 kB
VmallocTotal:   34359738367 kB
VmallocUsed:           0 kB
VmallocChunk:          0 kB
HardwareCorrupted:     0 kB
AnonHugePages:         0 kB
HugePages_Total:       0
HugePages_Free:        0
HugePages_Rsvd:        0
HugePages_Surp:        0
Hugepagesize:       2048 kB
DirectMap4k:      106280 kB
DirectMap2M:     4792320 kB
DirectMap1G:     4194304 kB


CPU:total 4 (2 cores per cpu, 2 threads per core) family 6 model 78 stepping 3, cmov, cx8, fxsr, mmx, sse, sse2, sse3, ssse3, sse4.1, sse4.2, popcnt, avx, avx2, aes, clmul, erms, rtm, 3dnowpref, lzcnt, ht, tsc, tscinvbit, bmi1, bmi2, adx

/proc/cpuinfo:
processor	: 0
vendor_id	: GenuineIntel
cpu family	: 6
model		: 78
model name	: Intel(R) Core(TM) i5-6300U CPU @ 2.40GHz
stepping	: 3
microcode	: 0x82
cpu MHz		: 773.144
cache size	: 3072 KB
physical id	: 0
siblings	: 4
core id		: 0
cpu cores	: 2
apicid		: 0
initial apicid	: 0
fpu		: yes
fpu_exception	: yes
cpuid level	: 22
wp		: yes
flags		: fpu vme de pse tsc msr pae mce cx8 apic sep mtrr pge mca cmov pat pse36 clflush dts acpi mmx fxsr sse sse2 ss ht tm pbe syscall nx pdpe1gb rdtscp lm constant_tsc arch_perfmon pebs bts rep_good nopl xtopology nonstop_tsc aperfmperf eagerfpu pni pclmulqdq dtes64 monitor ds_cpl vmx smx est tm2 ssse3 sdbg fma cx16 xtpr pdcm pcid sse4_1 sse4_2 x2apic movbe popcnt tsc_deadline_timer aes xsave avx f16c rdrand lahf_lm abm 3dnowprefetch epb intel_pt tpr_shadow vnmi flexpriority ept vpid fsgsbase tsc_adjust bmi1 hle avx2 smep bmi2 erms invpcid rtm mpx rdseed adx smap clflushopt xsaveopt xsavec xgetbv1 dtherm ida arat pln pts hwp hwp_notify hwp_act_window hwp_epp
bugs		:
bogomips	: 4992.45
clflush size	: 64
cache_alignment	: 64
address sizes	: 39 bits physical, 48 bits virtual
power management:

processor	: 1
vendor_id	: GenuineIntel
cpu family	: 6
model		: 78
model name	: Intel(R) Core(TM) i5-6300U CPU @ 2.40GHz
stepping	: 3
microcode	: 0x82
cpu MHz		: 779.296
cache size	: 3072 KB
physical id	: 0
siblings	: 4
core id		: 1
cpu cores	: 2
apicid		: 2
initial apicid	: 2
fpu		: yes
fpu_exception	: yes
cpuid level	: 22
wp		: yes
flags		: fpu vme de pse tsc msr pae mce cx8 apic sep mtrr pge mca cmov pat pse36 clflush dts acpi mmx fxsr sse sse2 ss ht tm pbe syscall nx pdpe1gb rdtscp lm constant_tsc arch_perfmon pebs bts rep_good nopl xtopology nonstop_tsc aperfmperf eagerfpu pni pclmulqdq dtes64 monitor ds_cpl vmx smx est tm2 ssse3 sdbg fma cx16 xtpr pdcm pcid sse4_1 sse4_2 x2apic movbe popcnt tsc_deadline_timer aes xsave avx f16c rdrand lahf_lm abm 3dnowprefetch epb intel_pt tpr_shadow vnmi flexpriority ept vpid fsgsbase tsc_adjust bmi1 hle avx2 smep bmi2 erms invpcid rtm mpx rdseed adx smap clflushopt xsaveopt xsavec xgetbv1 dtherm ida arat pln pts hwp hwp_notify hwp_act_window hwp_epp
bugs		:
bogomips	: 4992.45
clflush size	: 64
cache_alignment	: 64
address sizes	: 39 bits physical, 48 bits virtual
power management:

processor	: 2
vendor_id	: GenuineIntel
cpu family	: 6
model		: 78
model name	: Intel(R) Core(TM) i5-6300U CPU @ 2.40GHz
stepping	: 3
microcode	: 0x82
cpu MHz		: 749.804
cache size	: 3072 KB
physical id	: 0
siblings	: 4
core id		: 0
cpu cores	: 2
apicid		: 1
initial apicid	: 1
fpu		: yes
fpu_exception	: yes
cpuid level	: 22
wp		: yes
flags		: fpu vme de pse tsc msr pae mce cx8 apic sep mtrr pge mca cmov pat pse36 clflush dts acpi mmx fxsr sse sse2 ss ht tm pbe syscall nx pdpe1gb rdtscp lm constant_tsc arch_perfmon pebs bts rep_good nopl xtopology nonstop_tsc aperfmperf eagerfpu pni pclmulqdq dtes64 monitor ds_cpl vmx smx est tm2 ssse3 sdbg fma cx16 xtpr pdcm pcid sse4_1 sse4_2 x2apic movbe popcnt tsc_deadline_timer aes xsave avx f16c rdrand lahf_lm abm 3dnowprefetch epb intel_pt tpr_shadow vnmi flexpriority ept vpid fsgsbase tsc_adjust bmi1 hle avx2 smep bmi2 erms invpcid rtm mpx rdseed adx smap clflushopt xsaveopt xsavec xgetbv1 dtherm ida arat pln pts hwp hwp_notify hwp_act_window hwp_epp
bugs		:
bogomips	: 4992.45
clflush size	: 64
cache_alignment	: 64
address sizes	: 39 bits physical, 48 bits virtual
power management:

processor	: 3
vendor_id	: GenuineIntel
cpu family	: 6
model		: 78
model name	: Intel(R) Core(TM) i5-6300U CPU @ 2.40GHz
stepping	: 3
microcode	: 0x82
cpu MHz		: 714.160
cache size	: 3072 KB
physical id	: 0
siblings	: 4
core id		: 1
cpu cores	: 2
apicid		: 3
initial apicid	: 3
fpu		: yes
fpu_exception	: yes
cpuid level	: 22
wp		: yes
flags		: fpu vme de pse tsc msr pae mce cx8 apic sep mtrr pge mca cmov pat pse36 clflush dts acpi mmx fxsr sse sse2 ss ht tm pbe syscall nx pdpe1gb rdtscp lm constant_tsc arch_perfmon pebs bts rep_good nopl xtopology nonstop_tsc aperfmperf eagerfpu pni pclmulqdq dtes64 monitor ds_cpl vmx smx est tm2 ssse3 sdbg fma cx16 xtpr pdcm pcid sse4_1 sse4_2 x2apic movbe popcnt tsc_deadline_timer aes xsave avx f16c rdrand lahf_lm abm 3dnowprefetch epb intel_pt tpr_shadow vnmi flexpriority ept vpid fsgsbase tsc_adjust bmi1 hle avx2 smep bmi2 erms invpcid rtm mpx rdseed adx smap clflushopt xsaveopt xsavec xgetbv1 dtherm ida arat pln pts hwp hwp_notify hwp_act_window hwp_epp
bugs		:
bogomips	: 4992.45
clflush size	: 64
cache_alignment	: 64
address sizes	: 39 bits physical, 48 bits virtual
power management:



Memory: 4k page, physical 7839192k(3563124k free), swap 10157052k(10157052k free)

vm_info: Java HotSpot(TM) 64-Bit Server VM (25.91-b14) for linux-amd64 JRE (1.8.0_91-b14), built on Apr  1 2016 00:57:21 by "java_re" with gcc 4.3.0 20080428 (Red Hat 4.3.0-8)

time: Wed Jun 15 16:04:01 2016
elapsed time: 5 seconds (0d 0h 0m 5s)

